[2024-12-29 11:57:21] https://www.carphonewarehouse.com/apple-iphone-16-128GB-black
[2024-12-29 11:57:21] 1
[2024-12-29 11:57:21] false
[2024-12-29 11:57:21] https://www.carphonewarehouse.com/apple-iphone-16-256GB-black
[2024-12-29 11:57:21] 1
[2024-12-29 11:57:21] false
[2024-12-29 11:57:21] https://www.carphonewarehouse.com/apple-iphone-16-512GB-black
[2024-12-29 11:57:21] 1
[2024-12-29 11:57:21] false
[2024-12-29 11:57:21] https://www.carphonewarehouse.com/apple-iphone-16-128GB-pink
[2024-12-29 11:57:21] 1
[2024-12-29 11:57:21] false
[2024-12-29 11:57:21] https://www.carphonewarehouse.com/apple-iphone-16-256GB-pink
[2024-12-29 11:57:21] 1
[2024-12-29 11:57:21] false
[2024-12-29 11:57:21] https://www.carphonewarehouse.com/apple-iphone-16-512GB-pink
[2024-12-29 11:57:21] 1
[2024-12-29 11:57:21] false
[2024-12-29 11:57:21] https://www.carphonewarehouse.com/apple-iphone-16-128GB-teal
[2024-12-29 11:57:21] 1
[2024-12-29 11:57:21] false
[2024-12-29 11:57:21] https://www.carphonewarehouse.com/apple-iphone-16-256GB-teal
[2024-12-29 11:57:21] 1
[2024-12-29 11:57:21] false
[2024-12-29 11:57:21] https://www.carphonewarehouse.com/apple-iphone-16-512GB-teal
[2024-12-29 11:57:21] 1
[2024-12-29 11:57:21] false
[2024-12-29 11:57:21] https://www.carphonewarehouse.com/apple-iphone-16-128GB-ultramarine
[2024-12-29 11:57:21] 1
[2024-12-29 11:57:21] false
[2024-12-29 11:57:21] https://www.carphonewarehouse.com/apple-iphone-16-256GB-ultramarine
[2024-12-29 11:57:21] 1
[2024-12-29 11:57:21] false
[2024-12-29 11:57:21] https://www.carphonewarehouse.com/apple-iphone-16-512GB-ultramarine
[2024-12-29 11:57:21] 1
[2024-12-29 11:57:21] false
[2024-12-29 11:57:21] https://www.carphonewarehouse.com/apple-iphone-16-128GB-white
[2024-12-29 11:57:21] 1
[2024-12-29 11:57:21] false
[2024-12-29 11:57:21] https://www.carphonewarehouse.com/apple-iphone-16-256GB-white
[2024-12-29 11:57:21] 1
[2024-12-29 11:57:21] false
[2024-12-29 11:57:21] https://www.carphonewarehouse.com/apple-iphone-16-512GB-white
[2024-12-29 11:57:21] 1
[2024-12-29 11:57:21] false
[2024-12-29 11:57:21] 15
[2024-12-29 11:57:21] https://www.carphonewarehouse.com/apple-iphone-16-128GB-black
[2024-12-29 11:57:25] loading more deals
[2024-12-29 11:57:26] loading more deals
[2024-12-29 11:57:27] loading more deals
[2024-12-29 11:57:27] loading more deals
[2024-12-29 11:57:29] 0/15
[2024-12-29 11:57:29] https://www.carphonewarehouse.com/apple-iphone-16-256GB-black
[2024-12-29 11:57:32] loading more deals
[2024-12-29 11:57:32] loading more deals
[2024-12-29 11:57:33] loading more deals
[2024-12-29 11:57:34] loading more deals
[2024-12-29 11:57:36] 1/15
[2024-12-29 11:57:36] https://www.carphonewarehouse.com/apple-iphone-16-512GB-black
[2024-12-29 11:57:39] loading more deals
[2024-12-29 11:57:42] loading more deals
[2024-12-29 11:57:45] loading more deals
[2024-12-29 11:57:48] 2/15
[2024-12-29 11:57:48] https://www.carphonewarehouse.com/apple-iphone-16-128GB-pink
[2024-12-29 11:57:53] loading more deals
[2024-12-29 11:57:55] loading more deals
[2024-12-29 11:57:57] loading more deals
[2024-12-29 11:57:58] loading more deals
[2024-12-29 11:57:59] loading more deals
[2024-12-29 11:58:00] loading more deals
[2024-12-29 11:58:01] 3/15
[2024-12-29 11:58:01] https://www.carphonewarehouse.com/apple-iphone-16-256GB-pink
[2024-12-29 11:58:07] loading more deals
[2024-12-29 11:58:10] loading more deals
[2024-12-29 11:58:13] loading more deals
[2024-12-29 11:58:15] loading more deals
[2024-12-29 11:58:17] 4/15
[2024-12-29 11:58:17] https://www.carphonewarehouse.com/apple-iphone-16-512GB-pink
[2024-12-29 11:58:23] loading more deals
[2024-12-29 11:58:25] loading more deals
[2024-12-29 11:58:29] loading more deals
[2024-12-29 11:58:31] 5/15
[2024-12-29 11:58:31] https://www.carphonewarehouse.com/apple-iphone-16-128GB-teal
[2024-12-29 11:58:37] loading more deals
[2024-12-29 11:58:40] loading more deals
[2024-12-29 11:58:43] loading more deals
[2024-12-29 11:58:44] 6/15
[2024-12-29 11:58:44] https://www.carphonewarehouse.com/apple-iphone-16-256GB-teal
[2024-12-29 11:58:50] loading more deals
[2024-12-29 11:58:53] loading more deals
[2024-12-29 11:58:56] loading more deals
[2024-12-29 11:58:58] loading more deals
[2024-12-29 11:59:00] 7/15
[2024-12-29 11:59:00] https://www.carphonewarehouse.com/apple-iphone-16-512GB-teal
[2024-12-29 11:59:06] loading more deals
[2024-12-29 11:59:09] loading more deals
[2024-12-29 11:59:11] loading more deals
[2024-12-29 11:59:14] 8/15
[2024-12-29 11:59:14] https://www.carphonewarehouse.com/apple-iphone-16-128GB-ultramarine
[2024-12-29 11:59:20] loading more deals
[2024-12-29 11:59:23] loading more deals
[2024-12-29 11:59:27] loading more deals
[2024-12-29 11:59:29] loading more deals
[2024-12-29 11:59:31] 9/15
[2024-12-29 11:59:31] https://www.carphonewarehouse.com/apple-iphone-16-256GB-ultramarine
[2024-12-29 11:59:37] loading more deals
[2024-12-29 11:59:40] loading more deals
[2024-12-29 11:59:43] loading more deals
[2024-12-29 11:59:45] loading more deals
[2024-12-29 11:59:47] 10/15
[2024-12-29 11:59:47] https://www.carphonewarehouse.com/apple-iphone-16-512GB-ultramarine
[2024-12-29 11:59:52] loading more deals
[2024-12-29 11:59:55] loading more deals
[2024-12-29 11:59:58] loading more deals
[2024-12-29 12:00:01] 11/15
[2024-12-29 12:00:01] https://www.carphonewarehouse.com/apple-iphone-16-128GB-white
[2024-12-29 12:00:07] loading more deals
[2024-12-29 12:00:10] loading more deals
[2024-12-29 12:00:12] loading more deals
[2024-12-29 12:00:15] loading more deals
[2024-12-29 12:00:17] 12/15
[2024-12-29 12:00:17] https://www.carphonewarehouse.com/apple-iphone-16-256GB-white
[2024-12-29 12:00:21] loading more deals
[2024-12-29 12:00:25] loading more deals
[2024-12-29 12:00:27] loading more deals
[2024-12-29 12:00:30] loading more deals
[2024-12-29 12:00:31] 13/15
[2024-12-29 12:00:31] https://www.carphonewarehouse.com/apple-iphone-16-512GB-white
[2024-12-29 12:00:35] loading more deals
[2024-12-29 12:00:37] loading more deals
[2024-12-29 12:00:41] loading more deals
[2024-12-29 12:00:43] 14/15
