[2024-12-29 19:48:52] aborting request
[2024-12-29 19:48:52] aborting request
[2024-12-29 19:48:52] aborting request
[2024-12-29 19:48:52] aborting request
[2024-12-29 19:48:52] aborting request
[2024-12-29 19:48:52] aborting request
[2024-12-29 19:48:52] aborting request
[2024-12-29 19:48:52] aborting request
[2024-12-29 19:48:52] aborting request
[2024-12-29 19:48:52] aborting request
[2024-12-29 19:48:52] aborting request
[2024-12-29 19:48:52] aborting request
[2024-12-29 19:48:52] aborting request
[2024-12-29 19:48:52] aborting request
[2024-12-29 19:48:52] aborting request
[2024-12-29 19:48:52] aborting request
[2024-12-29 19:48:52] aborting request
[2024-12-29 19:48:52] aborting request
[2024-12-29 19:48:52] aborting request
[2024-12-29 19:48:52] aborting request
[2024-12-29 19:48:52] aborting request
[2024-12-29 19:48:52] aborting request
[2024-12-29 19:48:52] aborting request
[2024-12-29 19:48:52] aborting request
[2024-12-29 19:48:52] aborting request
[2024-12-29 19:48:52] aborting request
[2024-12-29 19:48:52] aborting request
[2024-12-29 19:48:52] aborting request
[2024-12-29 19:48:52] aborting request
[2024-12-29 19:48:52] aborting request
[2024-12-29 19:48:52] aborting request
[2024-12-29 19:48:52] aborting request
[2024-12-29 19:48:52] aborting request
[2024-12-29 19:48:52] aborting request
[2024-12-29 19:48:52] aborting request
[2024-12-29 19:48:53] aborting request
[2024-12-29 19:48:53] aborting request
[2024-12-29 19:48:53] aborting request
[2024-12-29 19:48:53] aborting request
[2024-12-29 19:48:53] aborting request
[2024-12-29 19:48:53] aborting request
[2024-12-29 19:48:53] aborting request
[2024-12-29 19:48:53] aborting request
[2024-12-29 19:48:53] aborting request
[2024-12-29 19:48:53] aborting request
[2024-12-29 19:48:53] aborting request
[2024-12-29 19:48:53] aborting request
[2024-12-29 19:48:53] aborting request
[2024-12-29 19:48:53] aborting request
[2024-12-29 19:48:53] aborting request
[2024-12-29 19:48:53] aborting request
[2024-12-29 19:48:53] aborting request
[2024-12-29 19:48:53] aborting request
[2024-12-29 19:48:53] aborting request
[2024-12-29 19:48:53] aborting request
[2024-12-29 19:48:53] aborting request
[2024-12-29 19:48:53] aborting request
[2024-12-29 19:48:54] aborting request
[2024-12-29 19:48:54] aborting request
[2024-12-29 19:48:55] aborting request
[2024-12-29 19:48:57] aborting request
[2024-12-29 19:48:58] aborting request
[2024-12-29 19:48:58] aborting request
[2024-12-29 19:48:58] aborting request
[2024-12-29 19:48:58] aborting request
[2024-12-29 19:48:58] aborting request
[2024-12-29 19:48:58] aborting request
[2024-12-29 19:48:58] aborting request
[2024-12-29 19:48:58] aborting request
[2024-12-29 19:48:58] aborting request
[2024-12-29 19:48:58] aborting request
[2024-12-29 19:48:58] aborting request
[2024-12-29 19:48:58] aborting request
[2024-12-29 19:48:58] aborting request
[2024-12-29 19:48:58] aborting request
[2024-12-29 19:48:58] aborting request
[2024-12-29 19:48:58] aborting request
[2024-12-29 19:48:58] aborting request
[2024-12-29 19:48:58] aborting request
[2024-12-29 19:48:58] aborting request
[2024-12-29 19:48:58] aborting request
[2024-12-29 19:48:58] aborting request
[2024-12-29 19:48:58] aborting request
[2024-12-29 19:48:58] aborting request
[2024-12-29 19:48:58] aborting request
[2024-12-29 19:48:58] aborting request
[2024-12-29 19:48:58] aborting request
[2024-12-29 19:48:58] aborting request
[2024-12-29 19:48:59] aborting request
[2024-12-29 19:48:59] aborting request
[2024-12-29 19:48:59] aborting request
[2024-12-29 19:48:59] aborting request
[2024-12-29 19:48:59] aborting request
[2024-12-29 19:48:59] aborting request
[2024-12-29 19:48:59] aborting request
[2024-12-29 19:48:59] aborting request
[2024-12-29 19:48:59] aborting request
[2024-12-29 19:48:59] aborting request
[2024-12-29 19:48:59] aborting request
[2024-12-29 19:48:59] aborting request
[2024-12-29 19:48:59] aborting request
[2024-12-29 19:48:59] aborting request
[2024-12-29 19:48:59] aborting request
[2024-12-29 19:48:59] aborting request
[2024-12-29 19:48:59] aborting request
[2024-12-29 19:48:59] aborting request
[2024-12-29 19:48:59] aborting request
[2024-12-29 19:48:59] aborting request
[2024-12-29 19:48:59] aborting request
[2024-12-29 19:48:59] aborting request
[2024-12-29 19:48:59] aborting request
[2024-12-29 19:48:59] aborting request
[2024-12-29 19:48:59] aborting request
[2024-12-29 19:48:59] aborting request
[2024-12-29 19:49:00] aborting request
[2024-12-29 19:49:00] aborting request
[2024-12-29 19:49:00] aborting request
[2024-12-29 19:49:00] aborting request
[2024-12-29 19:49:00] aborting request
[2024-12-29 19:49:00] aborting request
[2024-12-29 19:49:01] aborting request
[2024-12-29 19:49:01] aborting request
[2024-12-29 19:49:02] aborting request
[2024-12-29 19:49:02] aborting request
[2024-12-29 19:49:02] aborting request
[2024-12-29 19:49:02] aborting request
[2024-12-29 19:49:02] aborting request
[2024-12-29 19:49:02] aborting request
[2024-12-29 19:49:02] aborting request
[2024-12-29 19:49:02] aborting request
[2024-12-29 19:49:02] aborting request
[2024-12-29 19:49:02] aborting request
[2024-12-29 19:49:02] aborting request
[2024-12-29 19:49:02] aborting request
[2024-12-29 19:49:02] aborting request
[2024-12-29 19:49:02] aborting request
[2024-12-29 19:49:02] aborting request
[2024-12-29 19:49:02] aborting request
[2024-12-29 19:49:04] aborting request
[2024-12-29 19:49:04] aborting request
[2024-12-29 19:49:06] aborting request
[2024-12-29 19:49:06] aborting request
[2024-12-29 19:49:06] aborting request
[2024-12-29 19:49:06] aborting request
[2024-12-29 19:49:06] aborting request
[2024-12-29 19:49:06] aborting request
[2024-12-29 19:49:06] aborting request
[2024-12-29 19:49:06] aborting request
[2024-12-29 19:49:06] aborting request
[2024-12-29 19:49:06] aborting request
[2024-12-29 19:49:06] aborting request
[2024-12-29 19:49:06] aborting request
[2024-12-29 19:49:06] aborting request
[2024-12-29 19:49:06] aborting request
[2024-12-29 19:49:06] aborting request
[2024-12-29 19:49:06] aborting request
[2024-12-29 19:49:08] aborting request
[2024-12-29 19:49:08] aborting request
[2024-12-29 19:49:10] aborting request
[2024-12-29 19:49:10] aborting request
[2024-12-29 19:49:10] aborting request
[2024-12-29 19:49:10] aborting request
[2024-12-29 19:49:10] aborting request
[2024-12-29 19:49:10] aborting request
[2024-12-29 19:49:10] aborting request
[2024-12-29 19:49:10] aborting request
[2024-12-29 19:49:10] aborting request
[2024-12-29 19:49:10] aborting request
[2024-12-29 19:49:10] aborting request
[2024-12-29 19:49:10] aborting request
[2024-12-29 19:49:10] aborting request
[2024-12-29 19:49:10] aborting request
[2024-12-29 19:49:10] aborting request
[2024-12-29 19:49:10] aborting request
[2024-12-29 19:49:12] aborting request
[2024-12-29 19:49:12] aborting request
[2024-12-29 19:49:14] aborting request
[2024-12-29 19:49:14] aborting request
[2024-12-29 19:49:14] aborting request
[2024-12-29 19:49:14] aborting request
[2024-12-29 19:49:14] aborting request
[2024-12-29 19:49:14] aborting request
[2024-12-29 19:49:14] aborting request
[2024-12-29 19:49:14] aborting request
[2024-12-29 19:49:14] aborting request
[2024-12-29 19:49:14] aborting request
[2024-12-29 19:49:14] aborting request
[2024-12-29 19:49:14] aborting request
[2024-12-29 19:49:14] aborting request
[2024-12-29 19:49:14] aborting request
[2024-12-29 19:49:14] aborting request
[2024-12-29 19:49:14] aborting request
[2024-12-29 19:49:16] aborting request
[2024-12-29 19:49:16] aborting request
[2024-12-29 19:49:16] aborting request
[2024-12-29 19:49:17] aborting request
[2024-12-29 19:49:17] aborting request
[2024-12-29 19:49:17] aborting request
[2024-12-29 19:49:17] aborting request
[2024-12-29 19:49:17] aborting request
[2024-12-29 19:49:17] aborting request
[2024-12-29 19:49:17] aborting request
[2024-12-29 19:49:17] aborting request
[2024-12-29 19:49:17] aborting request
[2024-12-29 19:49:17] aborting request
[2024-12-29 19:49:17] aborting request
[2024-12-29 19:49:17] aborting request
[2024-12-29 19:49:17] aborting request
[2024-12-29 19:49:17] aborting request
[2024-12-29 19:49:17] aborting request
[2024-12-29 19:49:17] aborting request
[2024-12-29 19:49:19] aborting request
[2024-12-29 19:49:19] aborting request
[2024-12-29 19:49:20] aborting request
[2024-12-29 19:49:20] aborting request
[2024-12-29 19:49:20] aborting request
[2024-12-29 19:49:20] aborting request
[2024-12-29 19:49:20] aborting request
[2024-12-29 19:49:20] aborting request
[2024-12-29 19:49:20] aborting request
[2024-12-29 19:49:20] aborting request
[2024-12-29 19:49:20] aborting request
[2024-12-29 19:49:20] aborting request
[2024-12-29 19:49:20] aborting request
[2024-12-29 19:49:20] aborting request
[2024-12-29 19:49:20] aborting request
[2024-12-29 19:49:20] aborting request
[2024-12-29 19:49:20] aborting request
[2024-12-29 19:49:20] aborting request
[2024-12-29 19:49:23] aborting request
[2024-12-29 19:49:23] aborting request
[2024-12-29 19:49:23] aborting request
[2024-12-29 19:49:23] aborting request
[2024-12-29 19:49:23] aborting request
[2024-12-29 19:49:23] aborting request
[2024-12-29 19:49:23] aborting request
[2024-12-29 19:49:23] aborting request
[2024-12-29 19:49:23] aborting request
[2024-12-29 19:49:23] aborting request
[2024-12-29 19:49:23] aborting request
[2024-12-29 19:49:23] aborting request
[2024-12-29 19:49:23] aborting request
[2024-12-29 19:49:23] aborting request
[2024-12-29 19:49:23] aborting request
[2024-12-29 19:49:23] aborting request
[2024-12-29 19:49:23] aborting request
[2024-12-29 19:49:23] aborting request
[2024-12-29 19:49:27] aborting request
[2024-12-29 19:49:27] aborting request
[2024-12-29 19:49:27] aborting request
[2024-12-29 19:49:27] aborting request
[2024-12-29 19:49:27] aborting request
[2024-12-29 19:49:27] aborting request
[2024-12-29 19:49:30] 813
[2024-12-29 19:49:31] https://www.carphonewarehouse.com/apple-iphone-16
[2024-12-29 19:49:36] https://www.carphonewarehouse.com/apple-iphone-16
[2024-12-29 19:49:36] [
  {
    color: 'black',
    storage: '128GB',
    url: 'https://www.carphonewarehouse.com/apple-iphone-16-128GB-black',
    colorIndex: 0,
    storageIndex: 0
  },
  {
    color: 'black',
    storage: '256GB',
    url: 'https://www.carphonewarehouse.com/apple-iphone-16-256GB-black',
    colorIndex: 0,
    storageIndex: 1
  },
  {
    color: 'black',
    storage: '512GB',
    url: 'https://www.carphonewarehouse.com/apple-iphone-16-512GB-black',
    colorIndex: 0,
    storageIndex: 2
  },
  {
    color: 'pink',
    storage: '128GB',
    url: 'https://www.carphonewarehouse.com/apple-iphone-16-128GB-pink',
    colorIndex: 1,
    storageIndex: 0
  },
  {
    color: 'pink',
    storage: '256GB',
    url: 'https://www.carphonewarehouse.com/apple-iphone-16-256GB-pink',
    colorIndex: 1,
    storageIndex: 1
  },
  {
    color: 'pink',
    storage: '512GB',
    url: 'https://www.carphonewarehouse.com/apple-iphone-16-512GB-pink',
    colorIndex: 1,
    storageIndex: 2
  },
  {
    color: 'teal',
    storage: '128GB',
    url: 'https://www.carphonewarehouse.com/apple-iphone-16-128GB-teal',
    colorIndex: 2,
    storageIndex: 0
  },
  {
    color: 'teal',
    storage: '256GB',
    url: 'https://www.carphonewarehouse.com/apple-iphone-16-256GB-teal',
    colorIndex: 2,
    storageIndex: 1
  },
  {
    color: 'teal',
    storage: '512GB',
    url: 'https://www.carphonewarehouse.com/apple-iphone-16-512GB-teal',
    colorIndex: 2,
    storageIndex: 2
  },
  {
    color: 'ultramarine',
    storage: '128GB',
    url: 'https://www.carphonewarehouse.com/apple-iphone-16-128GB-ultramarine',
    colorIndex: 3,
    storageIndex: 0
  },
  {
    color: 'ultramarine',
    storage: '256GB',
    url: 'https://www.carphonewarehouse.com/apple-iphone-16-256GB-ultramarine',
    colorIndex: 3,
    storageIndex: 1
  },
  {
    color: 'ultramarine',
    storage: '512GB',
    url: 'https://www.carphonewarehouse.com/apple-iphone-16-512GB-ultramarine',
    colorIndex: 3,
    storageIndex: 2
  },
  {
    color: 'white',
    storage: '128GB',
    url: 'https://www.carphonewarehouse.com/apple-iphone-16-128GB-white',
    colorIndex: 4,
    storageIndex: 0
  },
  {
    color: 'white',
    storage: '256GB',
    url: 'https://www.carphonewarehouse.com/apple-iphone-16-256GB-white',
    colorIndex: 4,
    storageIndex: 1
  },
  {
    color: 'white',
    storage: '512GB',
    url: 'https://www.carphonewarehouse.com/apple-iphone-16-512GB-white',
    colorIndex: 4,
    storageIndex: 2
  }
]
[2024-12-29 19:49:36] Getting Phones:(Apple iPhone 16) combinations 0/813
[2024-12-29 19:49:36] done
[2024-12-29 19:49:36] https://www.carphonewarehouse.com/samsung-galaxy-s24-ultra
[2024-12-29 19:49:43] https://www.carphonewarehouse.com/samsung-galaxy-s24-ultra-256gb
[2024-12-29 19:49:43] [
  {
    color: 'titanium-black',
    storage: '256GB',
    url: 'https://www.carphonewarehouse.com/samsung-galaxy-s24-ultra-256gb-256GB-titanium-black',
    colorIndex: 0,
    storageIndex: 0
  },
  {
    color: 'titanium-black',
    storage: '512GB',
    url: 'https://www.carphonewarehouse.com/samsung-galaxy-s24-ultra-256gb-512GB-titanium-black',
    colorIndex: 0,
    storageIndex: 1
  },
  {
    color: 'titanium-black',
    storage: '1TB',
    url: 'https://www.carphonewarehouse.com/samsung-galaxy-s24-ultra-256gb-1TB-titanium-black',
    colorIndex: 0,
    storageIndex: 2
  },
  {
    color: 'titanium-grey',
    storage: '256GB',
    url: 'https://www.carphonewarehouse.com/samsung-galaxy-s24-ultra-256gb-256GB-titanium-grey',
    colorIndex: 1,
    storageIndex: 0
  },
  {
    color: 'titanium-grey',
    storage: '512GB',
    url: 'https://www.carphonewarehouse.com/samsung-galaxy-s24-ultra-256gb-512GB-titanium-grey',
    colorIndex: 1,
    storageIndex: 1
  },
  {
    color: 'titanium-grey',
    storage: '1TB',
    url: 'https://www.carphonewarehouse.com/samsung-galaxy-s24-ultra-256gb-1TB-titanium-grey',
    colorIndex: 1,
    storageIndex: 2
  },
  {
    color: 'titanium-violet',
    storage: '256GB',
    url: 'https://www.carphonewarehouse.com/samsung-galaxy-s24-ultra-256gb-256GB-titanium-violet',
    colorIndex: 2,
    storageIndex: 0
  },
  {
    color: 'titanium-violet',
    storage: '512GB',
    url: 'https://www.carphonewarehouse.com/samsung-galaxy-s24-ultra-256gb-512GB-titanium-violet',
    colorIndex: 2,
    storageIndex: 1
  },
  {
    color: 'titanium-violet',
    storage: '1TB',
    url: 'https://www.carphonewarehouse.com/samsung-galaxy-s24-ultra-256gb-1TB-titanium-violet',
    colorIndex: 2,
    storageIndex: 2
  },
  {
    color: 'titanium-yellow',
    storage: '256GB',
    url: 'https://www.carphonewarehouse.com/samsung-galaxy-s24-ultra-256gb-256GB-titanium-yellow',
    colorIndex: 3,
    storageIndex: 0
  },
  {
    color: 'titanium-yellow',
    storage: '512GB',
    url: 'https://www.carphonewarehouse.com/samsung-galaxy-s24-ultra-256gb-512GB-titanium-yellow',
    colorIndex: 3,
    storageIndex: 1
  },
  {
    color: 'titanium-yellow',
    storage: '1TB',
    url: 'https://www.carphonewarehouse.com/samsung-galaxy-s24-ultra-256gb-1TB-titanium-yellow',
    colorIndex: 3,
    storageIndex: 2
  }
]
[2024-12-29 19:49:43] Getting Phones:(Samsung Galaxy S24 Ultra) combinations 1/813
[2024-12-29 19:49:43] done
[2024-12-29 19:49:44] Max limit reached
[2024-12-29 19:49:51] [
  {
    monthly: '£29.99',
    upfront: '£159.00',
    network: 'idmobile',
    data: '100GB',
    minutes: 'Unlimited',
    texts: 'Unlimited',
    duration: '24'
  },
  {
    monthly: '£29.99',
    upfront: '£119.00',
    network: 'idmobile',
    data: '100GB',
    minutes: 'Unlimited',
    texts: 'Unlimited',
    duration: '24'
  },
  {
    monthly: '£29.99',
    upfront: '£199.00',
    network: 'idmobile',
    data: 'Unlimited',
    minutes: 'Unlimited',
    texts: 'Unlimited',
    duration: '24'
  },
  {
    monthly: '£39.00',
    upfront: '£99.00',
    network: 'vodafone',
    data: '200GB',
    minutes: 'Unlimited',
    texts: 'Unlimited',
    duration: '24'
  },
  {
    monthly: '£39.00',
    upfront: '£139.00',
    network: 'vodafone',
    data: '200GB',
    minutes: 'Unlimited',
    texts: 'Unlimited',
    duration: '24'
  },
  {
    monthly: '£45.00',
    upfront: '£69.00',
    network: 'vodafone',
    data: 'Unlimited',
    minutes: 'Unlimited',
    texts: 'Unlimited',
    duration: '24'
  },
  {
    monthly: '£45.00',
    upfront: '£29.00',
    network: 'vodafone',
    data: 'Unlimited',
    minutes: 'Unlimited',
    texts: 'Unlimited',
    duration: '24'
  },
  {
    monthly: '£35.99',
    upfront: '£49.00',
    network: 'idmobile',
    data: '100GB',
    minutes: 'Unlimited',
    texts: 'Unlimited',
    duration: '24'
  },
  {
    monthly: '£35.99',
    upfront: '£9.00',
    network: 'idmobile',
    data: '100GB',
    minutes: 'Unlimited',
    texts: 'Unlimited',
    duration: '24'
  },
  {
    monthly: '£29.99',
    upfront: '£109.00',
    network: 'idmobile',
    data: '10GB',
    minutes: 'Unlimited',
    texts: 'Unlimited',
    duration: '24'
  },
  {
    monthly: '£29.99',
    upfront: '£139.00',
    network: 'idmobile',
    data: '500GB',
    minutes: 'Unlimited',
    texts: 'Unlimited',
    duration: '24'
  },
  {
    monthly: '£29.99',
    upfront: '£149.00',
    network: 'idmobile',
    data: '10GB',
    minutes: 'Unlimited',
    texts: 'Unlimited',
    duration: '24'
  },
  {
    monthly: '£32.99',
    upfront: '£79.00',
    network: 'idmobile',
    data: '100GB',
    minutes: 'Unlimited',
    texts: 'Unlimited',
    duration: '24'
  },
  {
    monthly: '£29.99',
    upfront: '£159.00',
    network: 'idmobile',
    data: 'Unlimited',
    minutes: 'Unlimited',
    texts: 'Unlimited',
    duration: '24'
  },
  {
    monthly: '£33.99',
    upfront: '£79.00',
    network: 'idmobile',
    data: '500GB',
    minutes: 'Unlimited',
    texts: 'Unlimited',
    duration: '24'
  }
]
[2024-12-29 19:49:51] 0/15
[2024-12-29 19:49:54] [
  {
    monthly: '£35.99',
    upfront: '£79.00',
    network: 'idmobile',
    data: '100GB',
    minutes: 'Unlimited',
    texts: 'Unlimited',
    duration: '24'
  },
  {
    monthly: '£38.99',
    upfront: '£9.00',
    network: 'idmobile',
    data: '100GB',
    minutes: 'Unlimited',
    texts: 'Unlimited',
    duration: '24'
  },
  {
    monthly: '£36.99',
    upfront: '£79.00',
    network: 'idmobile',
    data: '500GB',
    minutes: 'Unlimited',
    texts: 'Unlimited',
    duration: '24'
  },
  {
    monthly: '£39.99',
    upfront: '£9.00',
    network: 'idmobile',
    data: '500GB',
    minutes: 'Unlimited',
    texts: 'Unlimited',
    duration: '24'
  },
  {
    monthly: '£35.99',
    upfront: '£119.00',
    network: 'idmobile',
    data: '100GB',
    minutes: 'Unlimited',
    texts: 'Unlimited',
    duration: '24'
  },
  {
    monthly: '£38.99',
    upfront: '£49.00',
    network: 'idmobile',
    data: '100GB',
    minutes: 'Unlimited',
    texts: 'Unlimited',
    duration: '24'
  },
  {
    monthly: '£37.99',
    upfront: '£79.00',
    network: 'idmobile',
    data: 'Unlimited',
    minutes: 'Unlimited',
    texts: 'Unlimited',
    duration: '24'
  },
  {
    monthly: '£40.99',
    upfront: '£9.00',
    network: 'idmobile',
    data: 'Unlimited',
    minutes: 'Unlimited',
    texts: 'Unlimited',
    duration: '24'
  },
  {
    monthly: '£36.99',
    upfront: '£119.00',
    network: 'idmobile',
    data: '500GB',
    minutes: 'Unlimited',
    texts: 'Unlimited',
    duration: '24'
  },
  {
    monthly: '£39.99',
    upfront: '£49.00',
    network: 'idmobile',
    data: '500GB',
    minutes: 'Unlimited',
    texts: 'Unlimited',
    duration: '24'
  },
  {
    monthly: '£37.99',
    upfront: '£119.00',
    network: 'idmobile',
    data: 'Unlimited',
    minutes: 'Unlimited',
    texts: 'Unlimited',
    duration: '24'
  },
  {
    monthly: '£40.99',
    upfront: '£49.00',
    network: 'idmobile',
    data: 'Unlimited',
    minutes: 'Unlimited',
    texts: 'Unlimited',
    duration: '24'
  },
  {
    monthly: '£43.99',
    upfront: '£89.00',
    network: 'idmobile',
    data: '100GB',
    minutes: 'Unlimited',
    texts: 'Unlimited',
    duration: '24'
  },
  {
    monthly: '£44.99',
    upfront: '£69.00',
    network: 'idmobile',
    data: '100GB',
    minutes: 'Unlimited',
    texts: 'Unlimited',
    duration: '24'
  },
  {
    monthly: '£45.00',
    upfront: '£79.00',
    network: 'vodafone',
    data: '200GB',
    minutes: 'Unlimited',
    texts: 'Unlimited',
    duration: '24'
  }
]
[2024-12-29 19:49:54] 1/15
[2024-12-29 19:49:58] [
  {
    monthly: '£44.99',
    upfront: '£79.00',
    network: 'idmobile',
    data: '100GB',
    minutes: 'Unlimited',
    texts: 'Unlimited',
    duration: '24'
  },
  {
    monthly: '£44.99',
    upfront: '£99.00',
    network: 'idmobile',
    data: '500GB',
    minutes: 'Unlimited',
    texts: 'Unlimited',
    duration: '24'
  },
  {
    monthly: '£44.99',
    upfront: '£119.00',
    network: 'idmobile',
    data: '100GB',
    minutes: 'Unlimited',
    texts: 'Unlimited',
    duration: '24'
  },
  {
    monthly: '£44.99',
    upfront: '£119.00',
    network: 'idmobile',
    data: 'Unlimited',
    minutes: 'Unlimited',
    texts: 'Unlimited',
    duration: '24'
  },
  {
    monthly: '£44.99',
    upfront: '£139.00',
    network: 'idmobile',
    data: '500GB',
    minutes: 'Unlimited',
    texts: 'Unlimited',
    duration: '24'
  },
  {
    monthly: '£44.99',
    upfront: '£159.00',
    network: 'idmobile',
    data: 'Unlimited',
    minutes: 'Unlimited',
    texts: 'Unlimited',
    duration: '24'
  },
  {
    monthly: '£49.00',
    upfront: '£169.00',
    network: 'vodafone',
    data: '200GB',
    minutes: 'Unlimited',
    texts: 'Unlimited',
    duration: '24'
  },
  {
    monthly: '£54.99',
    upfront: '£59.00',
    network: 'idmobile',
    data: '100GB',
    minutes: 'Unlimited',
    texts: 'Unlimited',
    duration: '24'
  },
  {
    monthly: '£54.00',
    upfront: '£99.00',
    network: 'vodafone',
    data: '200GB',
    minutes: 'Unlimited',
    texts: 'Unlimited',
    duration: '24'
  },
  {
    monthly: '£55.99',
    upfront: '£59.00',
    network: 'idmobile',
    data: '500GB',
    minutes: 'Unlimited',
    texts: 'Unlimited',
    duration: '24'
  },
  {
    monthly: '£54.99',
    upfront: '£99.00',
    network: 'idmobile',
    data: '100GB',
    minutes: 'Unlimited',
    texts: 'Unlimited',
    duration: '24'
  },
  {
    monthly: '£55.00',
    upfront: '£99.00',
    network: 'vodafone',
    data: 'Unlimited',
    minutes: 'Unlimited',
    texts: 'Unlimited',
    duration: '24'
  },
  {
    monthly: '£56.99',
    upfront: '£59.00',
    network: 'idmobile',
    data: 'Unlimited',
    minutes: 'Unlimited',
    texts: 'Unlimited',
    duration: '24'
  },
  {
    monthly: '£54.00',
    upfront: '£139.00',
    network: 'vodafone',
    data: '200GB',
    minutes: 'Unlimited',
    texts: 'Unlimited',
    duration: '24'
  },
  {
    monthly: '£58.00',
    upfront: '£49.00',
    network: 'vodafone',
    data: '200GB',
    minutes: 'Unlimited',
    texts: 'Unlimited',
    duration: '24'
  }
]
[2024-12-29 19:49:58] 2/15
[2024-12-29 19:50:04] [
  {
    monthly: '£29.99',
    upfront: '£159.00',
    network: 'idmobile',
    data: '100GB',
    minutes: 'Unlimited',
    texts: 'Unlimited',
    duration: '24'
  },
  {
    monthly: '£29.99',
    upfront: '£119.00',
    network: 'idmobile',
    data: '100GB',
    minutes: 'Unlimited',
    texts: 'Unlimited',
    duration: '24'
  },
  {
    monthly: '£39.00',
    upfront: '£139.00',
    network: 'vodafone',
    data: '200GB',
    minutes: 'Unlimited',
    texts: 'Unlimited',
    duration: '24'
  },
  {
    monthly: '£39.00',
    upfront: '£99.00',
    network: 'vodafone',
    data: '200GB',
    minutes: 'Unlimited',
    texts: 'Unlimited',
    duration: '24'
  },
  {
    monthly: '£45.00',
    upfront: '£69.00',
    network: 'vodafone',
    data: 'Unlimited',
    minutes: 'Unlimited',
    texts: 'Unlimited',
    duration: '24'
  },
  {
    monthly: '£45.00',
    upfront: '£29.00',
    network: 'vodafone',
    data: 'Unlimited',
    minutes: 'Unlimited',
    texts: 'Unlimited',
    duration: '24'
  },
  {
    monthly: '£35.99',
    upfront: '£49.00',
    network: 'idmobile',
    data: '100GB',
    minutes: 'Unlimited',
    texts: 'Unlimited',
    duration: '24'
  },
  {
    monthly: '£35.99',
    upfront: '£9.00',
    network: 'idmobile',
    data: '100GB',
    minutes: 'Unlimited',
    texts: 'Unlimited',
    duration: '24'
  },
  {
    monthly: '£29.99',
    upfront: '£109.00',
    network: 'idmobile',
    data: '10GB',
    minutes: 'Unlimited',
    texts: 'Unlimited',
    duration: '24'
  },
  {
    monthly: '£29.99',
    upfront: '£139.00',
    network: 'idmobile',
    data: '500GB',
    minutes: 'Unlimited',
    texts: 'Unlimited',
    duration: '24'
  },
  {
    monthly: '£29.99',
    upfront: '£149.00',
    network: 'idmobile',
    data: '10GB',
    minutes: 'Unlimited',
    texts: 'Unlimited',
    duration: '24'
  },
  {
    monthly: '£32.99',
    upfront: '£79.00',
    network: 'idmobile',
    data: '100GB',
    minutes: 'Unlimited',
    texts: 'Unlimited',
    duration: '24'
  },
  {
    monthly: '£29.99',
    upfront: '£159.00',
    network: 'idmobile',
    data: 'Unlimited',
    minutes: 'Unlimited',
    texts: 'Unlimited',
    duration: '24'
  },
  {
    monthly: '£33.99',
    upfront: '£79.00',
    network: 'idmobile',
    data: '500GB',
    minutes: 'Unlimited',
    texts: 'Unlimited',
    duration: '24'
  },
  {
    monthly: '£36.99',
    upfront: '£9.00',
    network: 'idmobile',
    data: '500GB',
    minutes: 'Unlimited',
    texts: 'Unlimited',
    duration: '24'
  }
]
[2024-12-29 19:50:04] 3/15
[2024-12-29 19:50:10] [
  {
    monthly: '£35.99',
    upfront: '£79.00',
    network: 'idmobile',
    data: '100GB',
    minutes: 'Unlimited',
    texts: 'Unlimited',
    duration: '24'
  },
  {
    monthly: '£38.99',
    upfront: '£9.00',
    network: 'idmobile',
    data: '100GB',
    minutes: 'Unlimited',
    texts: 'Unlimited',
    duration: '24'
  },
  {
    monthly: '£36.99',
    upfront: '£79.00',
    network: 'idmobile',
    data: '500GB',
    minutes: 'Unlimited',
    texts: 'Unlimited',
    duration: '24'
  },
  {
    monthly: '£39.99',
    upfront: '£9.00',
    network: 'idmobile',
    data: '500GB',
    minutes: 'Unlimited',
    texts: 'Unlimited',
    duration: '24'
  },
  {
    monthly: '£35.99',
    upfront: '£119.00',
    network: 'idmobile',
    data: '100GB',
    minutes: 'Unlimited',
    texts: 'Unlimited',
    duration: '24'
  },
  {
    monthly: '£38.99',
    upfront: '£49.00',
    network: 'idmobile',
    data: '100GB',
    minutes: 'Unlimited',
    texts: 'Unlimited',
    duration: '24'
  },
  {
    monthly: '£37.99',
    upfront: '£79.00',
    network: 'idmobile',
    data: 'Unlimited',
    minutes: 'Unlimited',
    texts: 'Unlimited',
    duration: '24'
  },
  {
    monthly: '£40.99',
    upfront: '£9.00',
    network: 'idmobile',
    data: 'Unlimited',
    minutes: 'Unlimited',
    texts: 'Unlimited',
    duration: '24'
  },
  {
    monthly: '£36.99',
    upfront: '£119.00',
    network: 'idmobile',
    data: '500GB',
    minutes: 'Unlimited',
    texts: 'Unlimited',
    duration: '24'
  },
  {
    monthly: '£39.99',
    upfront: '£49.00',
    network: 'idmobile',
    data: '500GB',
    minutes: 'Unlimited',
    texts: 'Unlimited',
    duration: '24'
  },
  {
    monthly: '£37.99',
    upfront: '£119.00',
    network: 'idmobile',
    data: 'Unlimited',
    minutes: 'Unlimited',
    texts: 'Unlimited',
    duration: '24'
  },
  {
    monthly: '£40.99',
    upfront: '£49.00',
    network: 'idmobile',
    data: 'Unlimited',
    minutes: 'Unlimited',
    texts: 'Unlimited',
    duration: '24'
  },
  {
    monthly: '£43.99',
    upfront: '£89.00',
    network: 'idmobile',
    data: '100GB',
    minutes: 'Unlimited',
    texts: 'Unlimited',
    duration: '24'
  },
  {
    monthly: '£44.99',
    upfront: '£69.00',
    network: 'idmobile',
    data: '100GB',
    minutes: 'Unlimited',
    texts: 'Unlimited',
    duration: '24'
  },
  {
    monthly: '£45.00',
    upfront: '£79.00',
    network: 'vodafone',
    data: '200GB',
    minutes: 'Unlimited',
    texts: 'Unlimited',
    duration: '24'
  }
]
[2024-12-29 19:50:10] 4/15
[2024-12-29 19:50:17] [
  {
    monthly: '£44.99',
    upfront: '£79.00',
    network: 'idmobile',
    data: '100GB',
    minutes: 'Unlimited',
    texts: 'Unlimited',
    duration: '24'
  },
  {
    monthly: '£44.99',
    upfront: '£99.00',
    network: 'idmobile',
    data: '500GB',
    minutes: 'Unlimited',
    texts: 'Unlimited',
    duration: '24'
  },
  {
    monthly: '£44.99',
    upfront: '£119.00',
    network: 'idmobile',
    data: '100GB',
    minutes: 'Unlimited',
    texts: 'Unlimited',
    duration: '24'
  },
  {
    monthly: '£44.99',
    upfront: '£119.00',
    network: 'idmobile',
    data: 'Unlimited',
    minutes: 'Unlimited',
    texts: 'Unlimited',
    duration: '24'
  },
  {
    monthly: '£44.99',
    upfront: '£139.00',
    network: 'idmobile',
    data: '500GB',
    minutes: 'Unlimited',
    texts: 'Unlimited',
    duration: '24'
  },
  {
    monthly: '£44.99',
    upfront: '£159.00',
    network: 'idmobile',
    data: 'Unlimited',
    minutes: 'Unlimited',
    texts: 'Unlimited',
    duration: '24'
  },
  {
    monthly: '£49.00',
    upfront: '£169.00',
    network: 'vodafone',
    data: '200GB',
    minutes: 'Unlimited',
    texts: 'Unlimited',
    duration: '24'
  },
  {
    monthly: '£54.99',
    upfront: '£59.00',
    network: 'idmobile',
    data: '100GB',
    minutes: 'Unlimited',
    texts: 'Unlimited',
    duration: '24'
  },
  {
    monthly: '£54.00',
    upfront: '£99.00',
    network: 'vodafone',
    data: '200GB',
    minutes: 'Unlimited',
    texts: 'Unlimited',
    duration: '24'
  },
  {
    monthly: '£55.99',
    upfront: '£59.00',
    network: 'idmobile',
    data: '500GB',
    minutes: 'Unlimited',
    texts: 'Unlimited',
    duration: '24'
  },
  {
    monthly: '£54.99',
    upfront: '£99.00',
    network: 'idmobile',
    data: '100GB',
    minutes: 'Unlimited',
    texts: 'Unlimited',
    duration: '24'
  },
  {
    monthly: '£55.00',
    upfront: '£99.00',
    network: 'vodafone',
    data: 'Unlimited',
    minutes: 'Unlimited',
    texts: 'Unlimited',
    duration: '24'
  },
  {
    monthly: '£56.99',
    upfront: '£59.00',
    network: 'idmobile',
    data: 'Unlimited',
    minutes: 'Unlimited',
    texts: 'Unlimited',
    duration: '24'
  },
  {
    monthly: '£54.00',
    upfront: '£139.00',
    network: 'vodafone',
    data: '200GB',
    minutes: 'Unlimited',
    texts: 'Unlimited',
    duration: '24'
  },
  {
    monthly: '£58.00',
    upfront: '£49.00',
    network: 'vodafone',
    data: '200GB',
    minutes: 'Unlimited',
    texts: 'Unlimited',
    duration: '24'
  }
]
[2024-12-29 19:50:17] 5/15
[2024-12-29 19:50:26] [
  {
    monthly: '£29.99',
    upfront: '£119.00',
    network: 'idmobile',
    data: '100GB',
    minutes: 'Unlimited',
    texts: 'Unlimited',
    duration: '24'
  },
  {
    monthly: '£29.99',
    upfront: '£159.00',
    network: 'idmobile',
    data: '100GB',
    minutes: 'Unlimited',
    texts: 'Unlimited',
    duration: '24'
  },
  {
    monthly: '£39.00',
    upfront: '£139.00',
    network: 'vodafone',
    data: '200GB',
    minutes: 'Unlimited',
    texts: 'Unlimited',
    duration: '24'
  },
  {
    monthly: '£39.00',
    upfront: '£99.00',
    network: 'vodafone',
    data: '200GB',
    minutes: 'Unlimited',
    texts: 'Unlimited',
    duration: '24'
  },
  {
    monthly: '£45.00',
    upfront: '£69.00',
    network: 'vodafone',
    data: 'Unlimited',
    minutes: 'Unlimited',
    texts: 'Unlimited',
    duration: '24'
  },
  {
    monthly: '£45.00',
    upfront: '£29.00',
    network: 'vodafone',
    data: 'Unlimited',
    minutes: 'Unlimited',
    texts: 'Unlimited',
    duration: '24'
  },
  {
    monthly: '£35.99',
    upfront: '£49.00',
    network: 'idmobile',
    data: '100GB',
    minutes: 'Unlimited',
    texts: 'Unlimited',
    duration: '24'
  },
  {
    monthly: '£35.99',
    upfront: '£9.00',
    network: 'idmobile',
    data: '100GB',
    minutes: 'Unlimited',
    texts: 'Unlimited',
    duration: '24'
  },
  {
    monthly: '£29.99',
    upfront: '£109.00',
    network: 'idmobile',
    data: '10GB',
    minutes: 'Unlimited',
    texts: 'Unlimited',
    duration: '24'
  },
  {
    monthly: '£29.99',
    upfront: '£139.00',
    network: 'idmobile',
    data: '500GB',
    minutes: 'Unlimited',
    texts: 'Unlimited',
    duration: '24'
  },
  {
    monthly: '£29.99',
    upfront: '£149.00',
    network: 'idmobile',
    data: '10GB',
    minutes: 'Unlimited',
    texts: 'Unlimited',
    duration: '24'
  },
  {
    monthly: '£32.99',
    upfront: '£79.00',
    network: 'idmobile',
    data: '100GB',
    minutes: 'Unlimited',
    texts: 'Unlimited',
    duration: '24'
  },
  {
    monthly: '£29.99',
    upfront: '£159.00',
    network: 'idmobile',
    data: 'Unlimited',
    minutes: 'Unlimited',
    texts: 'Unlimited',
    duration: '24'
  },
  {
    monthly: '£33.99',
    upfront: '£79.00',
    network: 'idmobile',
    data: '500GB',
    minutes: 'Unlimited',
    texts: 'Unlimited',
    duration: '24'
  },
  {
    monthly: '£36.99',
    upfront: '£9.00',
    network: 'idmobile',
    data: '500GB',
    minutes: 'Unlimited',
    texts: 'Unlimited',
    duration: '24'
  }
]
[2024-12-29 19:50:26] 6/15
[2024-12-29 19:50:34] [
  {
    monthly: '£35.99',
    upfront: '£79.00',
    network: 'idmobile',
    data: '100GB',
    minutes: 'Unlimited',
    texts: 'Unlimited',
    duration: '24'
  },
  {
    monthly: '£38.99',
    upfront: '£9.00',
    network: 'idmobile',
    data: '100GB',
    minutes: 'Unlimited',
    texts: 'Unlimited',
    duration: '24'
  },
  {
    monthly: '£36.99',
    upfront: '£79.00',
    network: 'idmobile',
    data: '500GB',
    minutes: 'Unlimited',
    texts: 'Unlimited',
    duration: '24'
  },
  {
    monthly: '£39.99',
    upfront: '£9.00',
    network: 'idmobile',
    data: '500GB',
    minutes: 'Unlimited',
    texts: 'Unlimited',
    duration: '24'
  },
  {
    monthly: '£35.99',
    upfront: '£119.00',
    network: 'idmobile',
    data: '100GB',
    minutes: 'Unlimited',
    texts: 'Unlimited',
    duration: '24'
  },
  {
    monthly: '£38.99',
    upfront: '£49.00',
    network: 'idmobile',
    data: '100GB',
    minutes: 'Unlimited',
    texts: 'Unlimited',
    duration: '24'
  },
  {
    monthly: '£37.99',
    upfront: '£79.00',
    network: 'idmobile',
    data: 'Unlimited',
    minutes: 'Unlimited',
    texts: 'Unlimited',
    duration: '24'
  },
  {
    monthly: '£40.99',
    upfront: '£9.00',
    network: 'idmobile',
    data: 'Unlimited',
    minutes: 'Unlimited',
    texts: 'Unlimited',
    duration: '24'
  },
  {
    monthly: '£36.99',
    upfront: '£119.00',
    network: 'idmobile',
    data: '500GB',
    minutes: 'Unlimited',
    texts: 'Unlimited',
    duration: '24'
  },
  {
    monthly: '£39.99',
    upfront: '£49.00',
    network: 'idmobile',
    data: '500GB',
    minutes: 'Unlimited',
    texts: 'Unlimited',
    duration: '24'
  },
  {
    monthly: '£37.99',
    upfront: '£119.00',
    network: 'idmobile',
    data: 'Unlimited',
    minutes: 'Unlimited',
    texts: 'Unlimited',
    duration: '24'
  },
  {
    monthly: '£40.99',
    upfront: '£49.00',
    network: 'idmobile',
    data: 'Unlimited',
    minutes: 'Unlimited',
    texts: 'Unlimited',
    duration: '24'
  },
  {
    monthly: '£43.99',
    upfront: '£89.00',
    network: 'idmobile',
    data: '100GB',
    minutes: 'Unlimited',
    texts: 'Unlimited',
    duration: '24'
  },
  {
    monthly: '£44.99',
    upfront: '£69.00',
    network: 'idmobile',
    data: '100GB',
    minutes: 'Unlimited',
    texts: 'Unlimited',
    duration: '24'
  },
  {
    monthly: '£45.00',
    upfront: '£79.00',
    network: 'vodafone',
    data: '200GB',
    minutes: 'Unlimited',
    texts: 'Unlimited',
    duration: '24'
  }
]
[2024-12-29 19:50:34] 7/15
[2024-12-29 19:50:43] [
  {
    monthly: '£44.99',
    upfront: '£79.00',
    network: 'idmobile',
    data: '100GB',
    minutes: 'Unlimited',
    texts: 'Unlimited',
    duration: '24'
  },
  {
    monthly: '£44.99',
    upfront: '£99.00',
    network: 'idmobile',
    data: '500GB',
    minutes: 'Unlimited',
    texts: 'Unlimited',
    duration: '24'
  },
  {
    monthly: '£44.99',
    upfront: '£119.00',
    network: 'idmobile',
    data: '100GB',
    minutes: 'Unlimited',
    texts: 'Unlimited',
    duration: '24'
  },
  {
    monthly: '£44.99',
    upfront: '£119.00',
    network: 'idmobile',
    data: 'Unlimited',
    minutes: 'Unlimited',
    texts: 'Unlimited',
    duration: '24'
  },
  {
    monthly: '£44.99',
    upfront: '£139.00',
    network: 'idmobile',
    data: '500GB',
    minutes: 'Unlimited',
    texts: 'Unlimited',
    duration: '24'
  },
  {
    monthly: '£44.99',
    upfront: '£159.00',
    network: 'idmobile',
    data: 'Unlimited',
    minutes: 'Unlimited',
    texts: 'Unlimited',
    duration: '24'
  },
  {
    monthly: '£49.00',
    upfront: '£169.00',
    network: 'vodafone',
    data: '200GB',
    minutes: 'Unlimited',
    texts: 'Unlimited',
    duration: '24'
  },
  {
    monthly: '£54.99',
    upfront: '£59.00',
    network: 'idmobile',
    data: '100GB',
    minutes: 'Unlimited',
    texts: 'Unlimited',
    duration: '24'
  },
  {
    monthly: '£54.00',
    upfront: '£99.00',
    network: 'vodafone',
    data: '200GB',
    minutes: 'Unlimited',
    texts: 'Unlimited',
    duration: '24'
  },
  {
    monthly: '£55.99',
    upfront: '£59.00',
    network: 'idmobile',
    data: '500GB',
    minutes: 'Unlimited',
    texts: 'Unlimited',
    duration: '24'
  },
  {
    monthly: '£54.99',
    upfront: '£99.00',
    network: 'idmobile',
    data: '100GB',
    minutes: 'Unlimited',
    texts: 'Unlimited',
    duration: '24'
  },
  {
    monthly: '£55.00',
    upfront: '£99.00',
    network: 'vodafone',
    data: 'Unlimited',
    minutes: 'Unlimited',
    texts: 'Unlimited',
    duration: '24'
  },
  {
    monthly: '£56.99',
    upfront: '£59.00',
    network: 'idmobile',
    data: 'Unlimited',
    minutes: 'Unlimited',
    texts: 'Unlimited',
    duration: '24'
  },
  {
    monthly: '£54.00',
    upfront: '£139.00',
    network: 'vodafone',
    data: '200GB',
    minutes: 'Unlimited',
    texts: 'Unlimited',
    duration: '24'
  },
  {
    monthly: '£58.00',
    upfront: '£49.00',
    network: 'vodafone',
    data: '200GB',
    minutes: 'Unlimited',
    texts: 'Unlimited',
    duration: '24'
  }
]
[2024-12-29 19:50:44] 8/15
[2024-12-29 19:50:54] [
  {
    monthly: '£29.99',
    upfront: '£119.00',
    network: 'idmobile',
    data: '100GB',
    minutes: 'Unlimited',
    texts: 'Unlimited',
    duration: '24'
  },
  {
    monthly: '£29.99',
    upfront: '£159.00',
    network: 'idmobile',
    data: '100GB',
    minutes: 'Unlimited',
    texts: 'Unlimited',
    duration: '24'
  },
  {
    monthly: '£39.00',
    upfront: '£139.00',
    network: 'vodafone',
    data: '200GB',
    minutes: 'Unlimited',
    texts: 'Unlimited',
    duration: '24'
  },
  {
    monthly: '£39.00',
    upfront: '£99.00',
    network: 'vodafone',
    data: '200GB',
    minutes: 'Unlimited',
    texts: 'Unlimited',
    duration: '24'
  },
  {
    monthly: '£45.00',
    upfront: '£29.00',
    network: 'vodafone',
    data: 'Unlimited',
    minutes: 'Unlimited',
    texts: 'Unlimited',
    duration: '24'
  },
  {
    monthly: '£45.00',
    upfront: '£69.00',
    network: 'vodafone',
    data: 'Unlimited',
    minutes: 'Unlimited',
    texts: 'Unlimited',
    duration: '24'
  },
  {
    monthly: '£35.99',
    upfront: '£9.00',
    network: 'idmobile',
    data: '100GB',
    minutes: 'Unlimited',
    texts: 'Unlimited',
    duration: '24'
  },
  {
    monthly: '£35.99',
    upfront: '£49.00',
    network: 'idmobile',
    data: '100GB',
    minutes: 'Unlimited',
    texts: 'Unlimited',
    duration: '24'
  },
  {
    monthly: '£29.99',
    upfront: '£109.00',
    network: 'idmobile',
    data: '10GB',
    minutes: 'Unlimited',
    texts: 'Unlimited',
    duration: '24'
  },
  {
    monthly: '£29.99',
    upfront: '£139.00',
    network: 'idmobile',
    data: '500GB',
    minutes: 'Unlimited',
    texts: 'Unlimited',
    duration: '24'
  },
  {
    monthly: '£29.99',
    upfront: '£149.00',
    network: 'idmobile',
    data: '10GB',
    minutes: 'Unlimited',
    texts: 'Unlimited',
    duration: '24'
  },
  {
    monthly: '£32.99',
    upfront: '£79.00',
    network: 'idmobile',
    data: '100GB',
    minutes: 'Unlimited',
    texts: 'Unlimited',
    duration: '24'
  },
  {
    monthly: '£29.99',
    upfront: '£159.00',
    network: 'idmobile',
    data: 'Unlimited',
    minutes: 'Unlimited',
    texts: 'Unlimited',
    duration: '24'
  },
  {
    monthly: '£33.99',
    upfront: '£79.00',
    network: 'idmobile',
    data: '500GB',
    minutes: 'Unlimited',
    texts: 'Unlimited',
    duration: '24'
  },
  {
    monthly: '£36.99',
    upfront: '£9.00',
    network: 'idmobile',
    data: '500GB',
    minutes: 'Unlimited',
    texts: 'Unlimited',
    duration: '24'
  }
]
[2024-12-29 19:50:54] 9/15
[2024-12-29 19:51:06] [
  {
    monthly: '£35.99',
    upfront: '£79.00',
    network: 'idmobile',
    data: '100GB',
    minutes: 'Unlimited',
    texts: 'Unlimited',
    duration: '24'
  },
  {
    monthly: '£38.99',
    upfront: '£9.00',
    network: 'idmobile',
    data: '100GB',
    minutes: 'Unlimited',
    texts: 'Unlimited',
    duration: '24'
  },
  {
    monthly: '£36.99',
    upfront: '£79.00',
    network: 'idmobile',
    data: '500GB',
    minutes: 'Unlimited',
    texts: 'Unlimited',
    duration: '24'
  },
  {
    monthly: '£39.99',
    upfront: '£9.00',
    network: 'idmobile',
    data: '500GB',
    minutes: 'Unlimited',
    texts: 'Unlimited',
    duration: '24'
  },
  {
    monthly: '£35.99',
    upfront: '£119.00',
    network: 'idmobile',
    data: '100GB',
    minutes: 'Unlimited',
    texts: 'Unlimited',
    duration: '24'
  },
  {
    monthly: '£38.99',
    upfront: '£49.00',
    network: 'idmobile',
    data: '100GB',
    minutes: 'Unlimited',
    texts: 'Unlimited',
    duration: '24'
  },
  {
    monthly: '£37.99',
    upfront: '£79.00',
    network: 'idmobile',
    data: 'Unlimited',
    minutes: 'Unlimited',
    texts: 'Unlimited',
    duration: '24'
  },
  {
    monthly: '£40.99',
    upfront: '£9.00',
    network: 'idmobile',
    data: 'Unlimited',
    minutes: 'Unlimited',
    texts: 'Unlimited',
    duration: '24'
  },
  {
    monthly: '£36.99',
    upfront: '£119.00',
    network: 'idmobile',
    data: '500GB',
    minutes: 'Unlimited',
    texts: 'Unlimited',
    duration: '24'
  },
  {
    monthly: '£39.99',
    upfront: '£49.00',
    network: 'idmobile',
    data: '500GB',
    minutes: 'Unlimited',
    texts: 'Unlimited',
    duration: '24'
  },
  {
    monthly: '£37.99',
    upfront: '£119.00',
    network: 'idmobile',
    data: 'Unlimited',
    minutes: 'Unlimited',
    texts: 'Unlimited',
    duration: '24'
  },
  {
    monthly: '£40.99',
    upfront: '£49.00',
    network: 'idmobile',
    data: 'Unlimited',
    minutes: 'Unlimited',
    texts: 'Unlimited',
    duration: '24'
  },
  {
    monthly: '£43.99',
    upfront: '£89.00',
    network: 'idmobile',
    data: '100GB',
    minutes: 'Unlimited',
    texts: 'Unlimited',
    duration: '24'
  },
  {
    monthly: '£44.99',
    upfront: '£69.00',
    network: 'idmobile',
    data: '100GB',
    minutes: 'Unlimited',
    texts: 'Unlimited',
    duration: '24'
  },
  {
    monthly: '£45.00',
    upfront: '£79.00',
    network: 'vodafone',
    data: '200GB',
    minutes: 'Unlimited',
    texts: 'Unlimited',
    duration: '24'
  }
]
[2024-12-29 19:51:06] 10/15
[2024-12-29 19:51:26] [
  {
    monthly: '£44.99',
    upfront: '£79.00',
    network: 'idmobile',
    data: '100GB',
    minutes: 'Unlimited',
    texts: 'Unlimited',
    duration: '24'
  },
  {
    monthly: '£44.99',
    upfront: '£99.00',
    network: 'idmobile',
    data: '500GB',
    minutes: 'Unlimited',
    texts: 'Unlimited',
    duration: '24'
  },
  {
    monthly: '£44.99',
    upfront: '£119.00',
    network: 'idmobile',
    data: '100GB',
    minutes: 'Unlimited',
    texts: 'Unlimited',
    duration: '24'
  },
  {
    monthly: '£44.99',
    upfront: '£119.00',
    network: 'idmobile',
    data: 'Unlimited',
    minutes: 'Unlimited',
    texts: 'Unlimited',
    duration: '24'
  },
  {
    monthly: '£44.99',
    upfront: '£139.00',
    network: 'idmobile',
    data: '500GB',
    minutes: 'Unlimited',
    texts: 'Unlimited',
    duration: '24'
  },
  {
    monthly: '£44.99',
    upfront: '£159.00',
    network: 'idmobile',
    data: 'Unlimited',
    minutes: 'Unlimited',
    texts: 'Unlimited',
    duration: '24'
  },
  {
    monthly: '£49.00',
    upfront: '£169.00',
    network: 'vodafone',
    data: '200GB',
    minutes: 'Unlimited',
    texts: 'Unlimited',
    duration: '24'
  },
  {
    monthly: '£54.99',
    upfront: '£59.00',
    network: 'idmobile',
    data: '100GB',
    minutes: 'Unlimited',
    texts: 'Unlimited',
    duration: '24'
  },
  {
    monthly: '£54.00',
    upfront: '£99.00',
    network: 'vodafone',
    data: '200GB',
    minutes: 'Unlimited',
    texts: 'Unlimited',
    duration: '24'
  },
  {
    monthly: '£55.99',
    upfront: '£59.00',
    network: 'idmobile',
    data: '500GB',
    minutes: 'Unlimited',
    texts: 'Unlimited',
    duration: '24'
  },
  {
    monthly: '£54.99',
    upfront: '£99.00',
    network: 'idmobile',
    data: '100GB',
    minutes: 'Unlimited',
    texts: 'Unlimited',
    duration: '24'
  },
  {
    monthly: '£55.00',
    upfront: '£99.00',
    network: 'vodafone',
    data: 'Unlimited',
    minutes: 'Unlimited',
    texts: 'Unlimited',
    duration: '24'
  },
  {
    monthly: '£56.99',
    upfront: '£59.00',
    network: 'idmobile',
    data: 'Unlimited',
    minutes: 'Unlimited',
    texts: 'Unlimited',
    duration: '24'
  },
  {
    monthly: '£54.00',
    upfront: '£139.00',
    network: 'vodafone',
    data: '200GB',
    minutes: 'Unlimited',
    texts: 'Unlimited',
    duration: '24'
  },
  {
    monthly: '£58.00',
    upfront: '£49.00',
    network: 'vodafone',
    data: '200GB',
    minutes: 'Unlimited',
    texts: 'Unlimited',
    duration: '24'
  }
]
[2024-12-29 19:51:26] 11/15
[2024-12-29 19:51:34] [
  {
    monthly: '£29.99',
    upfront: '£159.00',
    network: 'idmobile',
    data: '100GB',
    minutes: 'Unlimited',
    texts: 'Unlimited',
    duration: '24'
  },
  {
    monthly: '£29.99',
    upfront: '£119.00',
    network: 'idmobile',
    data: '100GB',
    minutes: 'Unlimited',
    texts: 'Unlimited',
    duration: '24'
  },
  {
    monthly: '£39.00',
    upfront: '£99.00',
    network: 'vodafone',
    data: '200GB',
    minutes: 'Unlimited',
    texts: 'Unlimited',
    duration: '24'
  },
  {
    monthly: '£39.00',
    upfront: '£139.00',
    network: 'vodafone',
    data: '200GB',
    minutes: 'Unlimited',
    texts: 'Unlimited',
    duration: '24'
  },
  {
    monthly: '£45.00',
    upfront: '£69.00',
    network: 'vodafone',
    data: 'Unlimited',
    minutes: 'Unlimited',
    texts: 'Unlimited',
    duration: '24'
  },
  {
    monthly: '£45.00',
    upfront: '£29.00',
    network: 'vodafone',
    data: 'Unlimited',
    minutes: 'Unlimited',
    texts: 'Unlimited',
    duration: '24'
  },
  {
    monthly: '£35.99',
    upfront: '£49.00',
    network: 'idmobile',
    data: '100GB',
    minutes: 'Unlimited',
    texts: 'Unlimited',
    duration: '24'
  },
  {
    monthly: '£35.99',
    upfront: '£9.00',
    network: 'idmobile',
    data: '100GB',
    minutes: 'Unlimited',
    texts: 'Unlimited',
    duration: '24'
  },
  {
    monthly: '£29.99',
    upfront: '£109.00',
    network: 'idmobile',
    data: '10GB',
    minutes: 'Unlimited',
    texts: 'Unlimited',
    duration: '24'
  },
  {
    monthly: '£29.99',
    upfront: '£139.00',
    network: 'idmobile',
    data: '500GB',
    minutes: 'Unlimited',
    texts: 'Unlimited',
    duration: '24'
  },
  {
    monthly: '£29.99',
    upfront: '£149.00',
    network: 'idmobile',
    data: '10GB',
    minutes: 'Unlimited',
    texts: 'Unlimited',
    duration: '24'
  },
  {
    monthly: '£32.99',
    upfront: '£79.00',
    network: 'idmobile',
    data: '100GB',
    minutes: 'Unlimited',
    texts: 'Unlimited',
    duration: '24'
  },
  {
    monthly: '£29.99',
    upfront: '£159.00',
    network: 'idmobile',
    data: 'Unlimited',
    minutes: 'Unlimited',
    texts: 'Unlimited',
    duration: '24'
  },
  {
    monthly: '£33.99',
    upfront: '£79.00',
    network: 'idmobile',
    data: '500GB',
    minutes: 'Unlimited',
    texts: 'Unlimited',
    duration: '24'
  },
  {
    monthly: '£36.99',
    upfront: '£9.00',
    network: 'idmobile',
    data: '500GB',
    minutes: 'Unlimited',
    texts: 'Unlimited',
    duration: '24'
  }
]
[2024-12-29 19:51:34] 12/15
[2024-12-29 19:51:43] [
  {
    monthly: '£35.99',
    upfront: '£79.00',
    network: 'idmobile',
    data: '100GB',
    minutes: 'Unlimited',
    texts: 'Unlimited',
    duration: '24'
  },
  {
    monthly: '£38.99',
    upfront: '£9.00',
    network: 'idmobile',
    data: '100GB',
    minutes: 'Unlimited',
    texts: 'Unlimited',
    duration: '24'
  },
  {
    monthly: '£36.99',
    upfront: '£79.00',
    network: 'idmobile',
    data: '500GB',
    minutes: 'Unlimited',
    texts: 'Unlimited',
    duration: '24'
  },
  {
    monthly: '£39.99',
    upfront: '£9.00',
    network: 'idmobile',
    data: '500GB',
    minutes: 'Unlimited',
    texts: 'Unlimited',
    duration: '24'
  },
  {
    monthly: '£35.99',
    upfront: '£119.00',
    network: 'idmobile',
    data: '100GB',
    minutes: 'Unlimited',
    texts: 'Unlimited',
    duration: '24'
  },
  {
    monthly: '£38.99',
    upfront: '£49.00',
    network: 'idmobile',
    data: '100GB',
    minutes: 'Unlimited',
    texts: 'Unlimited',
    duration: '24'
  },
  {
    monthly: '£37.99',
    upfront: '£79.00',
    network: 'idmobile',
    data: 'Unlimited',
    minutes: 'Unlimited',
    texts: 'Unlimited',
    duration: '24'
  },
  {
    monthly: '£40.99',
    upfront: '£9.00',
    network: 'idmobile',
    data: 'Unlimited',
    minutes: 'Unlimited',
    texts: 'Unlimited',
    duration: '24'
  },
  {
    monthly: '£36.99',
    upfront: '£119.00',
    network: 'idmobile',
    data: '500GB',
    minutes: 'Unlimited',
    texts: 'Unlimited',
    duration: '24'
  },
  {
    monthly: '£39.99',
    upfront: '£49.00',
    network: 'idmobile',
    data: '500GB',
    minutes: 'Unlimited',
    texts: 'Unlimited',
    duration: '24'
  },
  {
    monthly: '£37.99',
    upfront: '£119.00',
    network: 'idmobile',
    data: 'Unlimited',
    minutes: 'Unlimited',
    texts: 'Unlimited',
    duration: '24'
  },
  {
    monthly: '£40.99',
    upfront: '£49.00',
    network: 'idmobile',
    data: 'Unlimited',
    minutes: 'Unlimited',
    texts: 'Unlimited',
    duration: '24'
  },
  {
    monthly: '£43.99',
    upfront: '£89.00',
    network: 'idmobile',
    data: '100GB',
    minutes: 'Unlimited',
    texts: 'Unlimited',
    duration: '24'
  },
  {
    monthly: '£44.99',
    upfront: '£69.00',
    network: 'idmobile',
    data: '100GB',
    minutes: 'Unlimited',
    texts: 'Unlimited',
    duration: '24'
  },
  {
    monthly: '£45.00',
    upfront: '£79.00',
    network: 'vodafone',
    data: '200GB',
    minutes: 'Unlimited',
    texts: 'Unlimited',
    duration: '24'
  }
]
[2024-12-29 19:51:43] 13/15
[2024-12-29 19:51:54] [
  {
    monthly: '£44.99',
    upfront: '£79.00',
    network: 'idmobile',
    data: '100GB',
    minutes: 'Unlimited',
    texts: 'Unlimited',
    duration: '24'
  },
  {
    monthly: '£44.99',
    upfront: '£99.00',
    network: 'idmobile',
    data: '500GB',
    minutes: 'Unlimited',
    texts: 'Unlimited',
    duration: '24'
  },
  {
    monthly: '£44.99',
    upfront: '£119.00',
    network: 'idmobile',
    data: '100GB',
    minutes: 'Unlimited',
    texts: 'Unlimited',
    duration: '24'
  },
  {
    monthly: '£44.99',
    upfront: '£119.00',
    network: 'idmobile',
    data: 'Unlimited',
    minutes: 'Unlimited',
    texts: 'Unlimited',
    duration: '24'
  },
  {
    monthly: '£44.99',
    upfront: '£139.00',
    network: 'idmobile',
    data: '500GB',
    minutes: 'Unlimited',
    texts: 'Unlimited',
    duration: '24'
  },
  {
    monthly: '£44.99',
    upfront: '£159.00',
    network: 'idmobile',
    data: 'Unlimited',
    minutes: 'Unlimited',
    texts: 'Unlimited',
    duration: '24'
  },
  {
    monthly: '£49.00',
    upfront: '£169.00',
    network: 'vodafone',
    data: '200GB',
    minutes: 'Unlimited',
    texts: 'Unlimited',
    duration: '24'
  },
  {
    monthly: '£54.99',
    upfront: '£59.00',
    network: 'idmobile',
    data: '100GB',
    minutes: 'Unlimited',
    texts: 'Unlimited',
    duration: '24'
  },
  {
    monthly: '£54.00',
    upfront: '£99.00',
    network: 'vodafone',
    data: '200GB',
    minutes: 'Unlimited',
    texts: 'Unlimited',
    duration: '24'
  },
  {
    monthly: '£55.99',
    upfront: '£59.00',
    network: 'idmobile',
    data: '500GB',
    minutes: 'Unlimited',
    texts: 'Unlimited',
    duration: '24'
  },
  {
    monthly: '£54.99',
    upfront: '£99.00',
    network: 'idmobile',
    data: '100GB',
    minutes: 'Unlimited',
    texts: 'Unlimited',
    duration: '24'
  },
  {
    monthly: '£55.00',
    upfront: '£99.00',
    network: 'vodafone',
    data: 'Unlimited',
    minutes: 'Unlimited',
    texts: 'Unlimited',
    duration: '24'
  },
  {
    monthly: '£56.99',
    upfront: '£59.00',
    network: 'idmobile',
    data: 'Unlimited',
    minutes: 'Unlimited',
    texts: 'Unlimited',
    duration: '24'
  },
  {
    monthly: '£54.00',
    upfront: '£139.00',
    network: 'vodafone',
    data: '200GB',
    minutes: 'Unlimited',
    texts: 'Unlimited',
    duration: '24'
  },
  {
    monthly: '£58.00',
    upfront: '£49.00',
    network: 'vodafone',
    data: '200GB',
    minutes: 'Unlimited',
    texts: 'Unlimited',
    duration: '24'
  }
]
[2024-12-29 19:51:54] 14/15
[2024-12-29 19:51:54] 0/2
[2024-12-29 19:52:16] [
  {
    monthly: '£39.99',
    upfront: '£29.00',
    network: 'idmobile',
    data: '100GB',
    minutes: 'Unlimited',
    texts: 'Unlimited',
    duration: '24'
  },
  {
    monthly: '£39.99',
    upfront: '£49.00',
    network: 'idmobile',
    data: '500GB',
    minutes: 'Unlimited',
    texts: 'Unlimited',
    duration: '24'
  },
  {
    monthly: '£45.00',
    upfront: '£149.00',
    network: 'vodafone',
    data: '400GB',
    minutes: 'Unlimited',
    texts: 'Unlimited',
    duration: '24'
  },
  {
    monthly: '£49.00',
    upfront: '£79.00',
    network: 'vodafone',
    data: '400GB',
    minutes: 'Unlimited',
    texts: 'Unlimited',
    duration: '24'
  },
  {
    monthly: '£29.99',
    upfront: '£259.00',
    network: 'idmobile',
    data: '100GB',
    minutes: 'Unlimited',
    texts: 'Unlimited',
    duration: '24'
  },
  {
    monthly: '£35.99',
    upfront: '£149.00',
    network: 'idmobile',
    data: '100GB',
    minutes: 'Unlimited',
    texts: 'Unlimited',
    duration: '24'
  },
  {
    monthly: '£41.99',
    upfront: '£9.00',
    network: 'idmobile',
    data: 'Unlimited',
    minutes: 'Unlimited',
    texts: 'Unlimited',
    duration: '24'
  },
  {
    monthly: '£39.99',
    upfront: '£69.00',
    network: 'idmobile',
    data: 'Unlimited',
    minutes: 'Unlimited',
    texts: 'Unlimited',
    duration: '24'
  },
  {
    monthly: '£35.99',
    upfront: '£169.00',
    network: 'idmobile',
    data: '500GB',
    minutes: 'Unlimited',
    texts: 'Unlimited',
    duration: '24'
  },
  {
    monthly: '£45.00',
    upfront: '£169.00',
    network: 'vodafone',
    data: 'Unlimited',
    minutes: 'Unlimited',
    texts: 'Unlimited',
    duration: '24'
  },
  {
    monthly: '£49.00',
    upfront: '£99.00',
    network: 'vodafone',
    data: 'Unlimited',
    minutes: 'Unlimited',
    texts: 'Unlimited',
    duration: '24'
  },
  {
    monthly: '£29.99',
    upfront: '£279.00',
    network: 'idmobile',
    data: '500GB',
    minutes: 'Unlimited',
    texts: 'Unlimited',
    duration: '24'
  },
  {
    monthly: '£29.99',
    upfront: '£299.00',
    network: 'idmobile',
    data: 'Unlimited',
    minutes: 'Unlimited',
    texts: 'Unlimited',
    duration: '24'
  },
  {
    monthly: '£35.99',
    upfront: '£189.00',
    network: 'idmobile',
    data: 'Unlimited',
    minutes: 'Unlimited',
    texts: 'Unlimited',
    duration: '24'
  },
  {
    monthly: '£29.00',
    upfront: '£469.00',
    network: 'vodafone',
    data: '400GB',
    minutes: 'Unlimited',
    texts: 'Unlimited',
    duration: '24'
  }
]
[2024-12-29 19:52:16] 0/12
[2024-12-29 19:52:26] [
  {
    monthly: '£39.99',
    upfront: '£129.00',
    network: 'idmobile',
    data: '100GB',
    minutes: 'Unlimited',
    texts: 'Unlimited',
    duration: '24'
  },
  {
    monthly: '£39.99',
    upfront: '£149.00',
    network: 'idmobile',
    data: '500GB',
    minutes: 'Unlimited',
    texts: 'Unlimited',
    duration: '24'
  },
  {
    monthly: '£39.99',
    upfront: '£169.00',
    network: 'idmobile',
    data: 'Unlimited',
    minutes: 'Unlimited',
    texts: 'Unlimited',
    duration: '24'
  },
  {
    monthly: '£49.00',
    upfront: '£159.00',
    network: 'vodafone',
    data: '400GB',
    minutes: 'Unlimited',
    texts: 'Unlimited',
    duration: '24'
  },
  {
    monthly: '£29.99',
    upfront: '£359.00',
    network: 'idmobile',
    data: '100GB',
    minutes: 'Unlimited',
    texts: 'Unlimited',
    duration: '24'
  },
  {
    monthly: '£34.99',
    upfront: '£249.00',
    network: 'idmobile',
    data: '100GB',
    minutes: 'Unlimited',
    texts: 'Unlimited',
    duration: '24'
  },
  {
    monthly: '£29.99',
    upfront: '£379.00',
    network: 'idmobile',
    data: '500GB',
    minutes: 'Unlimited',
    texts: 'Unlimited',
    duration: '24'
  },
  {
    monthly: '£34.99',
    upfront: '£269.00',
    network: 'idmobile',
    data: '500GB',
    minutes: 'Unlimited',
    texts: 'Unlimited',
    duration: '24'
  },
  {
    monthly: '£29.99',
    upfront: '£399.00',
    network: 'idmobile',
    data: 'Unlimited',
    minutes: 'Unlimited',
    texts: 'Unlimited',
    duration: '24'
  },
  {
    monthly: '£34.99',
    upfront: '£289.00',
    network: 'idmobile',
    data: 'Unlimited',
    minutes: 'Unlimited',
    texts: 'Unlimited',
    duration: '24'
  },
  {
    monthly: '£29.00',
    upfront: '£549.00',
    network: 'vodafone',
    data: '400GB',
    minutes: 'Unlimited',
    texts: 'Unlimited',
    duration: '24'
  },
  {
    monthly: '£25.00',
    upfront: '£649.00',
    network: 'vodafone',
    data: '400GB',
    minutes: 'Unlimited',
    texts: 'Unlimited',
    duration: '24'
  },
  {
    monthly: '£34.00',
    upfront: '£439.00',
    network: 'vodafone',
    data: '400GB',
    minutes: 'Unlimited',
    texts: 'Unlimited',
    duration: '24'
  },
  {
    monthly: '£29.00',
    upfront: '£569.00',
    network: 'vodafone',
    data: 'Unlimited',
    minutes: 'Unlimited',
    texts: 'Unlimited',
    duration: '24'
  },
  {
    monthly: '£25.00',
    upfront: '£669.00',
    network: 'vodafone',
    data: 'Unlimited',
    minutes: 'Unlimited',
    texts: 'Unlimited',
    duration: '24'
  }
]
[2024-12-29 19:52:26] 1/12
[2024-12-29 19:52:43] [
  {
    monthly: '£49.99',
    upfront: '£109.00',
    network: 'idmobile',
    data: '100GB',
    minutes: 'Unlimited',
    texts: 'Unlimited',
    duration: '24'
  },
  {
    monthly: '£49.99',
    upfront: '£129.00',
    network: 'idmobile',
    data: '500GB',
    minutes: 'Unlimited',
    texts: 'Unlimited',
    duration: '24'
  },
  {
    monthly: '£49.99',
    upfront: '£149.00',
    network: 'idmobile',
    data: 'Unlimited',
    minutes: 'Unlimited',
    texts: 'Unlimited',
    duration: '24'
  },
  {
    monthly: '£60.00',
    upfront: '£139.00',
    network: 'vodafone',
    data: '400GB',
    minutes: 'Unlimited',
    texts: 'Unlimited',
    duration: '24'
  },
  {
    monthly: '£63.00',
    upfront: '£119.00',
    network: 'vodafone',
    data: 'Unlimited',
    minutes: 'Unlimited',
    texts: 'Unlimited',
    duration: '24'
  },
  {
    monthly: '£29.99',
    upfront: '£539.00',
    network: 'idmobile',
    data: '100GB',
    minutes: 'Unlimited',
    texts: 'Unlimited',
    duration: '24'
  },
  {
    monthly: '£34.99',
    upfront: '£429.00',
    network: 'idmobile',
    data: '100GB',
    minutes: 'Unlimited',
    texts: 'Unlimited',
    duration: '24'
  },
  {
    monthly: '£39.99',
    upfront: '£309.00',
    network: 'idmobile',
    data: '100GB',
    minutes: 'Unlimited',
    texts: 'Unlimited',
    duration: '24'
  },
  {
    monthly: '£29.99',
    upfront: '£559.00',
    network: 'idmobile',
    data: '500GB',
    minutes: 'Unlimited',
    texts: 'Unlimited',
    duration: '24'
  },
  {
    monthly: '£44.99',
    upfront: '£209.00',
    network: 'idmobile',
    data: '100GB',
    minutes: 'Unlimited',
    texts: 'Unlimited',
    duration: '24'
  },
  {
    monthly: '£34.99',
    upfront: '£449.00',
    network: 'idmobile',
    data: '500GB',
    minutes: 'Unlimited',
    texts: 'Unlimited',
    duration: '24'
  },
  {
    monthly: '£39.99',
    upfront: '£329.00',
    network: 'idmobile',
    data: '500GB',
    minutes: 'Unlimited',
    texts: 'Unlimited',
    duration: '24'
  },
  {
    monthly: '£29.99',
    upfront: '£579.00',
    network: 'idmobile',
    data: 'Unlimited',
    minutes: 'Unlimited',
    texts: 'Unlimited',
    duration: '24'
  },
  {
    monthly: '£44.99',
    upfront: '£229.00',
    network: 'idmobile',
    data: '500GB',
    minutes: 'Unlimited',
    texts: 'Unlimited',
    duration: '24'
  },
  {
    monthly: '£34.99',
    upfront: '£469.00',
    network: 'idmobile',
    data: 'Unlimited',
    minutes: 'Unlimited',
    texts: 'Unlimited',
    duration: '24'
  }
]
[2024-12-29 19:52:43] 2/12
[2024-12-29 19:52:56] [
  {
    monthly: '£39.99',
    upfront: '£29.00',
    network: 'idmobile',
    data: '100GB',
    minutes: 'Unlimited',
    texts: 'Unlimited',
    duration: '24'
  },
  {
    monthly: '£39.99',
    upfront: '£49.00',
    network: 'idmobile',
    data: '500GB',
    minutes: 'Unlimited',
    texts: 'Unlimited',
    duration: '24'
  },
  {
    monthly: '£45.00',
    upfront: '£149.00',
    network: 'vodafone',
    data: '400GB',
    minutes: 'Unlimited',
    texts: 'Unlimited',
    duration: '24'
  },
  {
    monthly: '£49.00',
    upfront: '£79.00',
    network: 'vodafone',
    data: '400GB',
    minutes: 'Unlimited',
    texts: 'Unlimited',
    duration: '24'
  },
  {
    monthly: '£29.99',
    upfront: '£259.00',
    network: 'idmobile',
    data: '100GB',
    minutes: 'Unlimited',
    texts: 'Unlimited',
    duration: '24'
  },
  {
    monthly: '£35.99',
    upfront: '£149.00',
    network: 'idmobile',
    data: '100GB',
    minutes: 'Unlimited',
    texts: 'Unlimited',
    duration: '24'
  },
  {
    monthly: '£41.99',
    upfront: '£9.00',
    network: 'idmobile',
    data: 'Unlimited',
    minutes: 'Unlimited',
    texts: 'Unlimited',
    duration: '24'
  },
  {
    monthly: '£39.99',
    upfront: '£69.00',
    network: 'idmobile',
    data: 'Unlimited',
    minutes: 'Unlimited',
    texts: 'Unlimited',
    duration: '24'
  },
  {
    monthly: '£35.99',
    upfront: '£169.00',
    network: 'idmobile',
    data: '500GB',
    minutes: 'Unlimited',
    texts: 'Unlimited',
    duration: '24'
  },
  {
    monthly: '£45.00',
    upfront: '£169.00',
    network: 'vodafone',
    data: 'Unlimited',
    minutes: 'Unlimited',
    texts: 'Unlimited',
    duration: '24'
  },
  {
    monthly: '£49.00',
    upfront: '£99.00',
    network: 'vodafone',
    data: 'Unlimited',
    minutes: 'Unlimited',
    texts: 'Unlimited',
    duration: '24'
  },
  {
    monthly: '£29.99',
    upfront: '£279.00',
    network: 'idmobile',
    data: '500GB',
    minutes: 'Unlimited',
    texts: 'Unlimited',
    duration: '24'
  },
  {
    monthly: '£29.99',
    upfront: '£299.00',
    network: 'idmobile',
    data: 'Unlimited',
    minutes: 'Unlimited',
    texts: 'Unlimited',
    duration: '24'
  },
  {
    monthly: '£35.99',
    upfront: '£189.00',
    network: 'idmobile',
    data: 'Unlimited',
    minutes: 'Unlimited',
    texts: 'Unlimited',
    duration: '24'
  },
  {
    monthly: '£29.00',
    upfront: '£469.00',
    network: 'vodafone',
    data: '400GB',
    minutes: 'Unlimited',
    texts: 'Unlimited',
    duration: '24'
  }
]
[2024-12-29 19:52:56] 3/12
[2024-12-29 19:53:10] [
  {
    monthly: '£39.99',
    upfront: '£129.00',
    network: 'idmobile',
    data: '100GB',
    minutes: 'Unlimited',
    texts: 'Unlimited',
    duration: '24'
  },
  {
    monthly: '£39.99',
    upfront: '£149.00',
    network: 'idmobile',
    data: '500GB',
    minutes: 'Unlimited',
    texts: 'Unlimited',
    duration: '24'
  },
  {
    monthly: '£39.99',
    upfront: '£169.00',
    network: 'idmobile',
    data: 'Unlimited',
    minutes: 'Unlimited',
    texts: 'Unlimited',
    duration: '24'
  },
  {
    monthly: '£49.00',
    upfront: '£159.00',
    network: 'vodafone',
    data: '400GB',
    minutes: 'Unlimited',
    texts: 'Unlimited',
    duration: '24'
  },
  {
    monthly: '£29.99',
    upfront: '£359.00',
    network: 'idmobile',
    data: '100GB',
    minutes: 'Unlimited',
    texts: 'Unlimited',
    duration: '24'
  },
  {
    monthly: '£34.99',
    upfront: '£249.00',
    network: 'idmobile',
    data: '100GB',
    minutes: 'Unlimited',
    texts: 'Unlimited',
    duration: '24'
  },
  {
    monthly: '£29.99',
    upfront: '£379.00',
    network: 'idmobile',
    data: '500GB',
    minutes: 'Unlimited',
    texts: 'Unlimited',
    duration: '24'
  },
  {
    monthly: '£34.99',
    upfront: '£269.00',
    network: 'idmobile',
    data: '500GB',
    minutes: 'Unlimited',
    texts: 'Unlimited',
    duration: '24'
  },
  {
    monthly: '£29.99',
    upfront: '£399.00',
    network: 'idmobile',
    data: 'Unlimited',
    minutes: 'Unlimited',
    texts: 'Unlimited',
    duration: '24'
  },
  {
    monthly: '£34.99',
    upfront: '£289.00',
    network: 'idmobile',
    data: 'Unlimited',
    minutes: 'Unlimited',
    texts: 'Unlimited',
    duration: '24'
  },
  {
    monthly: '£29.00',
    upfront: '£549.00',
    network: 'vodafone',
    data: '400GB',
    minutes: 'Unlimited',
    texts: 'Unlimited',
    duration: '24'
  },
  {
    monthly: '£25.00',
    upfront: '£649.00',
    network: 'vodafone',
    data: '400GB',
    minutes: 'Unlimited',
    texts: 'Unlimited',
    duration: '24'
  },
  {
    monthly: '£34.00',
    upfront: '£439.00',
    network: 'vodafone',
    data: '400GB',
    minutes: 'Unlimited',
    texts: 'Unlimited',
    duration: '24'
  },
  {
    monthly: '£29.00',
    upfront: '£569.00',
    network: 'vodafone',
    data: 'Unlimited',
    minutes: 'Unlimited',
    texts: 'Unlimited',
    duration: '24'
  },
  {
    monthly: '£25.00',
    upfront: '£669.00',
    network: 'vodafone',
    data: 'Unlimited',
    minutes: 'Unlimited',
    texts: 'Unlimited',
    duration: '24'
  }
]
[2024-12-29 19:53:10] 4/12
[2024-12-29 19:53:17] [
  {
    monthly: '£49.99',
    upfront: '£109.00',
    network: 'idmobile',
    data: '100GB',
    minutes: 'Unlimited',
    texts: 'Unlimited',
    duration: '24'
  },
  {
    monthly: '£49.99',
    upfront: '£129.00',
    network: 'idmobile',
    data: '500GB',
    minutes: 'Unlimited',
    texts: 'Unlimited',
    duration: '24'
  },
  {
    monthly: '£49.99',
    upfront: '£149.00',
    network: 'idmobile',
    data: 'Unlimited',
    minutes: 'Unlimited',
    texts: 'Unlimited',
    duration: '24'
  },
  {
    monthly: '£60.00',
    upfront: '£139.00',
    network: 'vodafone',
    data: '400GB',
    minutes: 'Unlimited',
    texts: 'Unlimited',
    duration: '24'
  },
  {
    monthly: '£63.00',
    upfront: '£119.00',
    network: 'vodafone',
    data: 'Unlimited',
    minutes: 'Unlimited',
    texts: 'Unlimited',
    duration: '24'
  },
  {
    monthly: '£29.99',
    upfront: '£539.00',
    network: 'idmobile',
    data: '100GB',
    minutes: 'Unlimited',
    texts: 'Unlimited',
    duration: '24'
  },
  {
    monthly: '£34.99',
    upfront: '£429.00',
    network: 'idmobile',
    data: '100GB',
    minutes: 'Unlimited',
    texts: 'Unlimited',
    duration: '24'
  },
  {
    monthly: '£39.99',
    upfront: '£309.00',
    network: 'idmobile',
    data: '100GB',
    minutes: 'Unlimited',
    texts: 'Unlimited',
    duration: '24'
  },
  {
    monthly: '£29.99',
    upfront: '£559.00',
    network: 'idmobile',
    data: '500GB',
    minutes: 'Unlimited',
    texts: 'Unlimited',
    duration: '24'
  },
  {
    monthly: '£44.99',
    upfront: '£209.00',
    network: 'idmobile',
    data: '100GB',
    minutes: 'Unlimited',
    texts: 'Unlimited',
    duration: '24'
  },
  {
    monthly: '£34.99',
    upfront: '£449.00',
    network: 'idmobile',
    data: '500GB',
    minutes: 'Unlimited',
    texts: 'Unlimited',
    duration: '24'
  },
  {
    monthly: '£39.99',
    upfront: '£329.00',
    network: 'idmobile',
    data: '500GB',
    minutes: 'Unlimited',
    texts: 'Unlimited',
    duration: '24'
  },
  {
    monthly: '£29.99',
    upfront: '£579.00',
    network: 'idmobile',
    data: 'Unlimited',
    minutes: 'Unlimited',
    texts: 'Unlimited',
    duration: '24'
  },
  {
    monthly: '£44.99',
    upfront: '£229.00',
    network: 'idmobile',
    data: '500GB',
    minutes: 'Unlimited',
    texts: 'Unlimited',
    duration: '24'
  },
  {
    monthly: '£34.99',
    upfront: '£469.00',
    network: 'idmobile',
    data: 'Unlimited',
    minutes: 'Unlimited',
    texts: 'Unlimited',
    duration: '24'
  }
]
[2024-12-29 19:53:17] 5/12
[2024-12-29 19:53:27] [
  {
    monthly: '£39.99',
    upfront: '£29.00',
    network: 'idmobile',
    data: '100GB',
    minutes: 'Unlimited',
    texts: 'Unlimited',
    duration: '24'
  },
  {
    monthly: '£39.99',
    upfront: '£49.00',
    network: 'idmobile',
    data: '500GB',
    minutes: 'Unlimited',
    texts: 'Unlimited',
    duration: '24'
  },
  {
    monthly: '£45.00',
    upfront: '£149.00',
    network: 'vodafone',
    data: '400GB',
    minutes: 'Unlimited',
    texts: 'Unlimited',
    duration: '24'
  },
  {
    monthly: '£49.00',
    upfront: '£79.00',
    network: 'vodafone',
    data: '400GB',
    minutes: 'Unlimited',
    texts: 'Unlimited',
    duration: '24'
  },
  {
    monthly: '£29.99',
    upfront: '£259.00',
    network: 'idmobile',
    data: '100GB',
    minutes: 'Unlimited',
    texts: 'Unlimited',
    duration: '24'
  },
  {
    monthly: '£35.99',
    upfront: '£149.00',
    network: 'idmobile',
    data: '100GB',
    minutes: 'Unlimited',
    texts: 'Unlimited',
    duration: '24'
  },
  {
    monthly: '£41.99',
    upfront: '£9.00',
    network: 'idmobile',
    data: 'Unlimited',
    minutes: 'Unlimited',
    texts: 'Unlimited',
    duration: '24'
  },
  {
    monthly: '£39.99',
    upfront: '£69.00',
    network: 'idmobile',
    data: 'Unlimited',
    minutes: 'Unlimited',
    texts: 'Unlimited',
    duration: '24'
  },
  {
    monthly: '£35.99',
    upfront: '£169.00',
    network: 'idmobile',
    data: '500GB',
    minutes: 'Unlimited',
    texts: 'Unlimited',
    duration: '24'
  },
  {
    monthly: '£45.00',
    upfront: '£169.00',
    network: 'vodafone',
    data: 'Unlimited',
    minutes: 'Unlimited',
    texts: 'Unlimited',
    duration: '24'
  },
  {
    monthly: '£49.00',
    upfront: '£99.00',
    network: 'vodafone',
    data: 'Unlimited',
    minutes: 'Unlimited',
    texts: 'Unlimited',
    duration: '24'
  },
  {
    monthly: '£29.99',
    upfront: '£279.00',
    network: 'idmobile',
    data: '500GB',
    minutes: 'Unlimited',
    texts: 'Unlimited',
    duration: '24'
  },
  {
    monthly: '£29.99',
    upfront: '£299.00',
    network: 'idmobile',
    data: 'Unlimited',
    minutes: 'Unlimited',
    texts: 'Unlimited',
    duration: '24'
  },
  {
    monthly: '£35.99',
    upfront: '£189.00',
    network: 'idmobile',
    data: 'Unlimited',
    minutes: 'Unlimited',
    texts: 'Unlimited',
    duration: '24'
  },
  {
    monthly: '£29.00',
    upfront: '£469.00',
    network: 'vodafone',
    data: '400GB',
    minutes: 'Unlimited',
    texts: 'Unlimited',
    duration: '24'
  }
]
[2024-12-29 19:53:27] 6/12
[2024-12-29 19:53:33] [
  {
    monthly: '£39.99',
    upfront: '£129.00',
    network: 'idmobile',
    data: '100GB',
    minutes: 'Unlimited',
    texts: 'Unlimited',
    duration: '24'
  },
  {
    monthly: '£39.99',
    upfront: '£149.00',
    network: 'idmobile',
    data: '500GB',
    minutes: 'Unlimited',
    texts: 'Unlimited',
    duration: '24'
  },
  {
    monthly: '£39.99',
    upfront: '£169.00',
    network: 'idmobile',
    data: 'Unlimited',
    minutes: 'Unlimited',
    texts: 'Unlimited',
    duration: '24'
  },
  {
    monthly: '£49.00',
    upfront: '£159.00',
    network: 'vodafone',
    data: '400GB',
    minutes: 'Unlimited',
    texts: 'Unlimited',
    duration: '24'
  },
  {
    monthly: '£29.99',
    upfront: '£359.00',
    network: 'idmobile',
    data: '100GB',
    minutes: 'Unlimited',
    texts: 'Unlimited',
    duration: '24'
  },
  {
    monthly: '£34.99',
    upfront: '£249.00',
    network: 'idmobile',
    data: '100GB',
    minutes: 'Unlimited',
    texts: 'Unlimited',
    duration: '24'
  },
  {
    monthly: '£29.99',
    upfront: '£379.00',
    network: 'idmobile',
    data: '500GB',
    minutes: 'Unlimited',
    texts: 'Unlimited',
    duration: '24'
  },
  {
    monthly: '£34.99',
    upfront: '£269.00',
    network: 'idmobile',
    data: '500GB',
    minutes: 'Unlimited',
    texts: 'Unlimited',
    duration: '24'
  },
  {
    monthly: '£29.99',
    upfront: '£399.00',
    network: 'idmobile',
    data: 'Unlimited',
    minutes: 'Unlimited',
    texts: 'Unlimited',
    duration: '24'
  },
  {
    monthly: '£34.99',
    upfront: '£289.00',
    network: 'idmobile',
    data: 'Unlimited',
    minutes: 'Unlimited',
    texts: 'Unlimited',
    duration: '24'
  },
  {
    monthly: '£29.00',
    upfront: '£549.00',
    network: 'vodafone',
    data: '400GB',
    minutes: 'Unlimited',
    texts: 'Unlimited',
    duration: '24'
  },
  {
    monthly: '£25.00',
    upfront: '£649.00',
    network: 'vodafone',
    data: '400GB',
    minutes: 'Unlimited',
    texts: 'Unlimited',
    duration: '24'
  },
  {
    monthly: '£34.00',
    upfront: '£439.00',
    network: 'vodafone',
    data: '400GB',
    minutes: 'Unlimited',
    texts: 'Unlimited',
    duration: '24'
  },
  {
    monthly: '£29.00',
    upfront: '£569.00',
    network: 'vodafone',
    data: 'Unlimited',
    minutes: 'Unlimited',
    texts: 'Unlimited',
    duration: '24'
  },
  {
    monthly: '£25.00',
    upfront: '£669.00',
    network: 'vodafone',
    data: 'Unlimited',
    minutes: 'Unlimited',
    texts: 'Unlimited',
    duration: '24'
  }
]
[2024-12-29 19:53:33] 7/12
[2024-12-29 19:53:38] [
  {
    monthly: '£49.99',
    upfront: '£109.00',
    network: 'idmobile',
    data: '100GB',
    minutes: 'Unlimited',
    texts: 'Unlimited',
    duration: '24'
  },
  {
    monthly: '£49.99',
    upfront: '£129.00',
    network: 'idmobile',
    data: '500GB',
    minutes: 'Unlimited',
    texts: 'Unlimited',
    duration: '24'
  },
  {
    monthly: '£49.99',
    upfront: '£149.00',
    network: 'idmobile',
    data: 'Unlimited',
    minutes: 'Unlimited',
    texts: 'Unlimited',
    duration: '24'
  },
  {
    monthly: '£60.00',
    upfront: '£139.00',
    network: 'vodafone',
    data: '400GB',
    minutes: 'Unlimited',
    texts: 'Unlimited',
    duration: '24'
  },
  {
    monthly: '£63.00',
    upfront: '£119.00',
    network: 'vodafone',
    data: 'Unlimited',
    minutes: 'Unlimited',
    texts: 'Unlimited',
    duration: '24'
  },
  {
    monthly: '£29.99',
    upfront: '£539.00',
    network: 'idmobile',
    data: '100GB',
    minutes: 'Unlimited',
    texts: 'Unlimited',
    duration: '24'
  },
  {
    monthly: '£34.99',
    upfront: '£429.00',
    network: 'idmobile',
    data: '100GB',
    minutes: 'Unlimited',
    texts: 'Unlimited',
    duration: '24'
  },
  {
    monthly: '£39.99',
    upfront: '£309.00',
    network: 'idmobile',
    data: '100GB',
    minutes: 'Unlimited',
    texts: 'Unlimited',
    duration: '24'
  },
  {
    monthly: '£29.99',
    upfront: '£559.00',
    network: 'idmobile',
    data: '500GB',
    minutes: 'Unlimited',
    texts: 'Unlimited',
    duration: '24'
  },
  {
    monthly: '£44.99',
    upfront: '£209.00',
    network: 'idmobile',
    data: '100GB',
    minutes: 'Unlimited',
    texts: 'Unlimited',
    duration: '24'
  },
  {
    monthly: '£34.99',
    upfront: '£449.00',
    network: 'idmobile',
    data: '500GB',
    minutes: 'Unlimited',
    texts: 'Unlimited',
    duration: '24'
  },
  {
    monthly: '£39.99',
    upfront: '£329.00',
    network: 'idmobile',
    data: '500GB',
    minutes: 'Unlimited',
    texts: 'Unlimited',
    duration: '24'
  },
  {
    monthly: '£29.99',
    upfront: '£579.00',
    network: 'idmobile',
    data: 'Unlimited',
    minutes: 'Unlimited',
    texts: 'Unlimited',
    duration: '24'
  },
  {
    monthly: '£44.99',
    upfront: '£229.00',
    network: 'idmobile',
    data: '500GB',
    minutes: 'Unlimited',
    texts: 'Unlimited',
    duration: '24'
  },
  {
    monthly: '£34.99',
    upfront: '£469.00',
    network: 'idmobile',
    data: 'Unlimited',
    minutes: 'Unlimited',
    texts: 'Unlimited',
    duration: '24'
  }
]
[2024-12-29 19:53:38] 8/12
[2024-12-29 19:53:53] [
  {
    monthly: '£39.99',
    upfront: '£29.00',
    network: 'idmobile',
    data: '100GB',
    minutes: 'Unlimited',
    texts: 'Unlimited',
    duration: '24'
  },
  {
    monthly: '£39.99',
    upfront: '£49.00',
    network: 'idmobile',
    data: '500GB',
    minutes: 'Unlimited',
    texts: 'Unlimited',
    duration: '24'
  },
  {
    monthly: '£45.00',
    upfront: '£149.00',
    network: 'vodafone',
    data: '400GB',
    minutes: 'Unlimited',
    texts: 'Unlimited',
    duration: '24'
  },
  {
    monthly: '£49.00',
    upfront: '£79.00',
    network: 'vodafone',
    data: '400GB',
    minutes: 'Unlimited',
    texts: 'Unlimited',
    duration: '24'
  },
  {
    monthly: '£29.99',
    upfront: '£259.00',
    network: 'idmobile',
    data: '100GB',
    minutes: 'Unlimited',
    texts: 'Unlimited',
    duration: '24'
  },
  {
    monthly: '£35.99',
    upfront: '£149.00',
    network: 'idmobile',
    data: '100GB',
    minutes: 'Unlimited',
    texts: 'Unlimited',
    duration: '24'
  },
  {
    monthly: '£41.99',
    upfront: '£9.00',
    network: 'idmobile',
    data: 'Unlimited',
    minutes: 'Unlimited',
    texts: 'Unlimited',
    duration: '24'
  },
  {
    monthly: '£39.99',
    upfront: '£69.00',
    network: 'idmobile',
    data: 'Unlimited',
    minutes: 'Unlimited',
    texts: 'Unlimited',
    duration: '24'
  },
  {
    monthly: '£35.99',
    upfront: '£169.00',
    network: 'idmobile',
    data: '500GB',
    minutes: 'Unlimited',
    texts: 'Unlimited',
    duration: '24'
  },
  {
    monthly: '£45.00',
    upfront: '£169.00',
    network: 'vodafone',
    data: 'Unlimited',
    minutes: 'Unlimited',
    texts: 'Unlimited',
    duration: '24'
  },
  {
    monthly: '£49.00',
    upfront: '£99.00',
    network: 'vodafone',
    data: 'Unlimited',
    minutes: 'Unlimited',
    texts: 'Unlimited',
    duration: '24'
  },
  {
    monthly: '£29.99',
    upfront: '£279.00',
    network: 'idmobile',
    data: '500GB',
    minutes: 'Unlimited',
    texts: 'Unlimited',
    duration: '24'
  },
  {
    monthly: '£29.99',
    upfront: '£299.00',
    network: 'idmobile',
    data: 'Unlimited',
    minutes: 'Unlimited',
    texts: 'Unlimited',
    duration: '24'
  },
  {
    monthly: '£35.99',
    upfront: '£189.00',
    network: 'idmobile',
    data: 'Unlimited',
    minutes: 'Unlimited',
    texts: 'Unlimited',
    duration: '24'
  },
  {
    monthly: '£29.00',
    upfront: '£469.00',
    network: 'vodafone',
    data: '400GB',
    minutes: 'Unlimited',
    texts: 'Unlimited',
    duration: '24'
  }
]
[2024-12-29 19:53:53] 9/12
[2024-12-29 19:54:13] [
  {
    monthly: '£39.99',
    upfront: '£129.00',
    network: 'idmobile',
    data: '100GB',
    minutes: 'Unlimited',
    texts: 'Unlimited',
    duration: '24'
  },
  {
    monthly: '£39.99',
    upfront: '£149.00',
    network: 'idmobile',
    data: '500GB',
    minutes: 'Unlimited',
    texts: 'Unlimited',
    duration: '24'
  },
  {
    monthly: '£39.99',
    upfront: '£169.00',
    network: 'idmobile',
    data: 'Unlimited',
    minutes: 'Unlimited',
    texts: 'Unlimited',
    duration: '24'
  },
  {
    monthly: '£49.00',
    upfront: '£159.00',
    network: 'vodafone',
    data: '400GB',
    minutes: 'Unlimited',
    texts: 'Unlimited',
    duration: '24'
  },
  {
    monthly: '£29.99',
    upfront: '£359.00',
    network: 'idmobile',
    data: '100GB',
    minutes: 'Unlimited',
    texts: 'Unlimited',
    duration: '24'
  },
  {
    monthly: '£34.99',
    upfront: '£249.00',
    network: 'idmobile',
    data: '100GB',
    minutes: 'Unlimited',
    texts: 'Unlimited',
    duration: '24'
  },
  {
    monthly: '£29.99',
    upfront: '£379.00',
    network: 'idmobile',
    data: '500GB',
    minutes: 'Unlimited',
    texts: 'Unlimited',
    duration: '24'
  },
  {
    monthly: '£34.99',
    upfront: '£269.00',
    network: 'idmobile',
    data: '500GB',
    minutes: 'Unlimited',
    texts: 'Unlimited',
    duration: '24'
  },
  {
    monthly: '£29.99',
    upfront: '£399.00',
    network: 'idmobile',
    data: 'Unlimited',
    minutes: 'Unlimited',
    texts: 'Unlimited',
    duration: '24'
  },
  {
    monthly: '£34.99',
    upfront: '£289.00',
    network: 'idmobile',
    data: 'Unlimited',
    minutes: 'Unlimited',
    texts: 'Unlimited',
    duration: '24'
  },
  {
    monthly: '£29.00',
    upfront: '£549.00',
    network: 'vodafone',
    data: '400GB',
    minutes: 'Unlimited',
    texts: 'Unlimited',
    duration: '24'
  },
  {
    monthly: '£25.00',
    upfront: '£649.00',
    network: 'vodafone',
    data: '400GB',
    minutes: 'Unlimited',
    texts: 'Unlimited',
    duration: '24'
  },
  {
    monthly: '£34.00',
    upfront: '£439.00',
    network: 'vodafone',
    data: '400GB',
    minutes: 'Unlimited',
    texts: 'Unlimited',
    duration: '24'
  },
  {
    monthly: '£29.00',
    upfront: '£569.00',
    network: 'vodafone',
    data: 'Unlimited',
    minutes: 'Unlimited',
    texts: 'Unlimited',
    duration: '24'
  },
  {
    monthly: '£25.00',
    upfront: '£669.00',
    network: 'vodafone',
    data: 'Unlimited',
    minutes: 'Unlimited',
    texts: 'Unlimited',
    duration: '24'
  }
]
[2024-12-29 19:54:13] 10/12
[2024-12-29 19:54:26] [
  {
    monthly: '£49.99',
    upfront: '£109.00',
    network: 'idmobile',
    data: '100GB',
    minutes: 'Unlimited',
    texts: 'Unlimited',
    duration: '24'
  },
  {
    monthly: '£49.99',
    upfront: '£129.00',
    network: 'idmobile',
    data: '500GB',
    minutes: 'Unlimited',
    texts: 'Unlimited',
    duration: '24'
  },
  {
    monthly: '£49.99',
    upfront: '£149.00',
    network: 'idmobile',
    data: 'Unlimited',
    minutes: 'Unlimited',
    texts: 'Unlimited',
    duration: '24'
  },
  {
    monthly: '£60.00',
    upfront: '£139.00',
    network: 'vodafone',
    data: '400GB',
    minutes: 'Unlimited',
    texts: 'Unlimited',
    duration: '24'
  },
  {
    monthly: '£63.00',
    upfront: '£119.00',
    network: 'vodafone',
    data: 'Unlimited',
    minutes: 'Unlimited',
    texts: 'Unlimited',
    duration: '24'
  },
  {
    monthly: '£29.99',
    upfront: '£539.00',
    network: 'idmobile',
    data: '100GB',
    minutes: 'Unlimited',
    texts: 'Unlimited',
    duration: '24'
  },
  {
    monthly: '£34.99',
    upfront: '£429.00',
    network: 'idmobile',
    data: '100GB',
    minutes: 'Unlimited',
    texts: 'Unlimited',
    duration: '24'
  },
  {
    monthly: '£39.99',
    upfront: '£309.00',
    network: 'idmobile',
    data: '100GB',
    minutes: 'Unlimited',
    texts: 'Unlimited',
    duration: '24'
  },
  {
    monthly: '£29.99',
    upfront: '£559.00',
    network: 'idmobile',
    data: '500GB',
    minutes: 'Unlimited',
    texts: 'Unlimited',
    duration: '24'
  },
  {
    monthly: '£44.99',
    upfront: '£209.00',
    network: 'idmobile',
    data: '100GB',
    minutes: 'Unlimited',
    texts: 'Unlimited',
    duration: '24'
  },
  {
    monthly: '£34.99',
    upfront: '£449.00',
    network: 'idmobile',
    data: '500GB',
    minutes: 'Unlimited',
    texts: 'Unlimited',
    duration: '24'
  },
  {
    monthly: '£39.99',
    upfront: '£329.00',
    network: 'idmobile',
    data: '500GB',
    minutes: 'Unlimited',
    texts: 'Unlimited',
    duration: '24'
  },
  {
    monthly: '£29.99',
    upfront: '£579.00',
    network: 'idmobile',
    data: 'Unlimited',
    minutes: 'Unlimited',
    texts: 'Unlimited',
    duration: '24'
  },
  {
    monthly: '£44.99',
    upfront: '£229.00',
    network: 'idmobile',
    data: '500GB',
    minutes: 'Unlimited',
    texts: 'Unlimited',
    duration: '24'
  },
  {
    monthly: '£34.99',
    upfront: '£469.00',
    network: 'idmobile',
    data: 'Unlimited',
    minutes: 'Unlimited',
    texts: 'Unlimited',
    duration: '24'
  }
]
[2024-12-29 19:54:26] 11/12
[2024-12-29 19:54:26] 1/2
[2024-12-29 19:54:26] Uploading to S3
[2024-12-29 19:54:27] {
  '$metadata': {
    httpStatusCode: 200,
    requestId: 'YC4X72D6ACSZ4KKS',
    extendedRequestId: 'hcfwP/lg6evdMiUG5/PEB9SVYl19gU5dHbUe+643oLvOSS3OcQA6mwa3JamKcLRqd77PtamFhgU=',
    cfId: undefined,
    attempts: 1,
    totalRetryDelay: 0
  },
  ETag: '"cc040005279e1bbb519e29e6a6afd015"',
  ServerSideEncryption: 'AES256'
}
[2024-12-29 19:54:28] {
  '$metadata': {
    httpStatusCode: 200,
    requestId: 'STGR44KE3DEJT1RZ',
    extendedRequestId: 'qfEqKnR3RZqgPqys60sN56c10ED06KufX/34SVNlzfkwurUe4YW9p1n8SzES+zjrXn/GHN+zZ1U=',
    cfId: undefined,
    attempts: 1,
    totalRetryDelay: 0
  },
  ETag: '"3f6011649b39797cf5217e4feb8c98c9"',
  ServerSideEncryption: 'AES256'
}
