[2024-12-29 19:44:43] aborting request
[2024-12-29 19:44:43] aborting request
[2024-12-29 19:44:44] aborting request
[2024-12-29 19:44:44] aborting request
[2024-12-29 19:44:44] aborting request
[2024-12-29 19:44:44] aborting request
[2024-12-29 19:44:44] aborting request
[2024-12-29 19:44:44] aborting request
[2024-12-29 19:44:44] aborting request
[2024-12-29 19:44:44] aborting request
[2024-12-29 19:44:44] aborting request
[2024-12-29 19:44:44] aborting request
[2024-12-29 19:44:44] aborting request
[2024-12-29 19:44:44] aborting request
[2024-12-29 19:44:44] aborting request
[2024-12-29 19:44:44] aborting request
[2024-12-29 19:44:44] aborting request
[2024-12-29 19:44:44] aborting request
[2024-12-29 19:44:44] aborting request
[2024-12-29 19:44:44] aborting request
[2024-12-29 19:44:44] aborting request
[2024-12-29 19:44:44] aborting request
[2024-12-29 19:44:44] aborting request
[2024-12-29 19:44:44] aborting request
[2024-12-29 19:44:44] aborting request
[2024-12-29 19:44:44] aborting request
[2024-12-29 19:44:44] aborting request
[2024-12-29 19:44:44] aborting request
[2024-12-29 19:44:44] aborting request
[2024-12-29 19:44:44] aborting request
[2024-12-29 19:44:44] aborting request
[2024-12-29 19:44:44] aborting request
[2024-12-29 19:44:44] aborting request
[2024-12-29 19:44:44] aborting request
[2024-12-29 19:44:44] aborting request
[2024-12-29 19:44:44] aborting request
[2024-12-29 19:44:44] aborting request
[2024-12-29 19:44:44] aborting request
[2024-12-29 19:44:44] aborting request
[2024-12-29 19:44:44] aborting request
[2024-12-29 19:44:44] aborting request
[2024-12-29 19:44:45] aborting request
[2024-12-29 19:44:45] aborting request
[2024-12-29 19:44:45] aborting request
[2024-12-29 19:44:45] aborting request
[2024-12-29 19:44:45] aborting request
[2024-12-29 19:44:45] aborting request
[2024-12-29 19:44:45] aborting request
[2024-12-29 19:44:45] aborting request
[2024-12-29 19:44:45] aborting request
[2024-12-29 19:44:45] aborting request
[2024-12-29 19:44:45] aborting request
[2024-12-29 19:44:45] aborting request
[2024-12-29 19:44:45] aborting request
[2024-12-29 19:44:46] aborting request
[2024-12-29 19:44:46] aborting request
[2024-12-29 19:44:46] aborting request
[2024-12-29 19:44:46] aborting request
[2024-12-29 19:44:47] aborting request
[2024-12-29 19:44:47] 813
[2024-12-29 19:44:51] [
  {
    monthly: '£29.99',
    upfront: '£159.00',
    network: 'idmobile',
    data: '100GB',
    minutes: 'Unlimited',
    texts: 'Unlimited',
    duration: '24'
  },
  {
    monthly: '£29.99',
    upfront: '£119.00',
    network: 'idmobile',
    data: '100GB',
    minutes: 'Unlimited',
    texts: 'Unlimited',
    duration: '24'
  },
  {
    monthly: '£29.99',
    upfront: '£199.00',
    network: 'idmobile',
    data: 'Unlimited',
    minutes: 'Unlimited',
    texts: 'Unlimited',
    duration: '24'
  },
  {
    monthly: '£39.00',
    upfront: '£99.00',
    network: 'vodafone',
    data: '200GB',
    minutes: 'Unlimited',
    texts: 'Unlimited',
    duration: '24'
  },
  {
    monthly: '£39.00',
    upfront: '£139.00',
    network: 'vodafone',
    data: '200GB',
    minutes: 'Unlimited',
    texts: 'Unlimited',
    duration: '24'
  },
  {
    monthly: '£45.00',
    upfront: '£69.00',
    network: 'vodafone',
    data: 'Unlimited',
    minutes: 'Unlimited',
    texts: 'Unlimited',
    duration: '24'
  },
  {
    monthly: '£45.00',
    upfront: '£29.00',
    network: 'vodafone',
    data: 'Unlimited',
    minutes: 'Unlimited',
    texts: 'Unlimited',
    duration: '24'
  },
  {
    monthly: '£35.99',
    upfront: '£49.00',
    network: 'idmobile',
    data: '100GB',
    minutes: 'Unlimited',
    texts: 'Unlimited',
    duration: '24'
  },
  {
    monthly: '£35.99',
    upfront: '£9.00',
    network: 'idmobile',
    data: '100GB',
    minutes: 'Unlimited',
    texts: 'Unlimited',
    duration: '24'
  },
  {
    monthly: '£29.99',
    upfront: '£109.00',
    network: 'idmobile',
    data: '10GB',
    minutes: 'Unlimited',
    texts: 'Unlimited',
    duration: '24'
  },
  {
    monthly: '£29.99',
    upfront: '£139.00',
    network: 'idmobile',
    data: '500GB',
    minutes: 'Unlimited',
    texts: 'Unlimited',
    duration: '24'
  },
  {
    monthly: '£29.99',
    upfront: '£149.00',
    network: 'idmobile',
    data: '10GB',
    minutes: 'Unlimited',
    texts: 'Unlimited',
    duration: '24'
  },
  {
    monthly: '£32.99',
    upfront: '£79.00',
    network: 'idmobile',
    data: '100GB',
    minutes: 'Unlimited',
    texts: 'Unlimited',
    duration: '24'
  },
  {
    monthly: '£29.99',
    upfront: '£159.00',
    network: 'idmobile',
    data: 'Unlimited',
    minutes: 'Unlimited',
    texts: 'Unlimited',
    duration: '24'
  },
  {
    monthly: '£33.99',
    upfront: '£79.00',
    network: 'idmobile',
    data: '500GB',
    minutes: 'Unlimited',
    texts: 'Unlimited',
    duration: '24'
  }
]
[2024-12-29 19:44:51] 0/15
[2024-12-29 19:44:55] [
  {
    monthly: '£35.99',
    upfront: '£79.00',
    network: 'idmobile',
    data: '100GB',
    minutes: 'Unlimited',
    texts: 'Unlimited',
    duration: '24'
  },
  {
    monthly: '£38.99',
    upfront: '£9.00',
    network: 'idmobile',
    data: '100GB',
    minutes: 'Unlimited',
    texts: 'Unlimited',
    duration: '24'
  },
  {
    monthly: '£36.99',
    upfront: '£79.00',
    network: 'idmobile',
    data: '500GB',
    minutes: 'Unlimited',
    texts: 'Unlimited',
    duration: '24'
  },
  {
    monthly: '£39.99',
    upfront: '£9.00',
    network: 'idmobile',
    data: '500GB',
    minutes: 'Unlimited',
    texts: 'Unlimited',
    duration: '24'
  },
  {
    monthly: '£35.99',
    upfront: '£119.00',
    network: 'idmobile',
    data: '100GB',
    minutes: 'Unlimited',
    texts: 'Unlimited',
    duration: '24'
  },
  {
    monthly: '£38.99',
    upfront: '£49.00',
    network: 'idmobile',
    data: '100GB',
    minutes: 'Unlimited',
    texts: 'Unlimited',
    duration: '24'
  },
  {
    monthly: '£37.99',
    upfront: '£79.00',
    network: 'idmobile',
    data: 'Unlimited',
    minutes: 'Unlimited',
    texts: 'Unlimited',
    duration: '24'
  },
  {
    monthly: '£40.99',
    upfront: '£9.00',
    network: 'idmobile',
    data: 'Unlimited',
    minutes: 'Unlimited',
    texts: 'Unlimited',
    duration: '24'
  },
  {
    monthly: '£36.99',
    upfront: '£119.00',
    network: 'idmobile',
    data: '500GB',
    minutes: 'Unlimited',
    texts: 'Unlimited',
    duration: '24'
  },
  {
    monthly: '£39.99',
    upfront: '£49.00',
    network: 'idmobile',
    data: '500GB',
    minutes: 'Unlimited',
    texts: 'Unlimited',
    duration: '24'
  },
  {
    monthly: '£37.99',
    upfront: '£119.00',
    network: 'idmobile',
    data: 'Unlimited',
    minutes: 'Unlimited',
    texts: 'Unlimited',
    duration: '24'
  },
  {
    monthly: '£40.99',
    upfront: '£49.00',
    network: 'idmobile',
    data: 'Unlimited',
    minutes: 'Unlimited',
    texts: 'Unlimited',
    duration: '24'
  },
  {
    monthly: '£43.99',
    upfront: '£89.00',
    network: 'idmobile',
    data: '100GB',
    minutes: 'Unlimited',
    texts: 'Unlimited',
    duration: '24'
  },
  {
    monthly: '£44.99',
    upfront: '£69.00',
    network: 'idmobile',
    data: '100GB',
    minutes: 'Unlimited',
    texts: 'Unlimited',
    duration: '24'
  },
  {
    monthly: '£45.00',
    upfront: '£79.00',
    network: 'vodafone',
    data: '200GB',
    minutes: 'Unlimited',
    texts: 'Unlimited',
    duration: '24'
  }
]
[2024-12-29 19:44:55] 1/15
[2024-12-29 19:44:59] [
  {
    monthly: '£44.99',
    upfront: '£79.00',
    network: 'idmobile',
    data: '100GB',
    minutes: 'Unlimited',
    texts: 'Unlimited',
    duration: '24'
  },
  {
    monthly: '£44.99',
    upfront: '£99.00',
    network: 'idmobile',
    data: '500GB',
    minutes: 'Unlimited',
    texts: 'Unlimited',
    duration: '24'
  },
  {
    monthly: '£44.99',
    upfront: '£119.00',
    network: 'idmobile',
    data: '100GB',
    minutes: 'Unlimited',
    texts: 'Unlimited',
    duration: '24'
  },
  {
    monthly: '£44.99',
    upfront: '£119.00',
    network: 'idmobile',
    data: 'Unlimited',
    minutes: 'Unlimited',
    texts: 'Unlimited',
    duration: '24'
  },
  {
    monthly: '£44.99',
    upfront: '£139.00',
    network: 'idmobile',
    data: '500GB',
    minutes: 'Unlimited',
    texts: 'Unlimited',
    duration: '24'
  },
  {
    monthly: '£44.99',
    upfront: '£159.00',
    network: 'idmobile',
    data: 'Unlimited',
    minutes: 'Unlimited',
    texts: 'Unlimited',
    duration: '24'
  },
  {
    monthly: '£49.00',
    upfront: '£169.00',
    network: 'vodafone',
    data: '200GB',
    minutes: 'Unlimited',
    texts: 'Unlimited',
    duration: '24'
  },
  {
    monthly: '£54.99',
    upfront: '£59.00',
    network: 'idmobile',
    data: '100GB',
    minutes: 'Unlimited',
    texts: 'Unlimited',
    duration: '24'
  },
  {
    monthly: '£54.00',
    upfront: '£99.00',
    network: 'vodafone',
    data: '200GB',
    minutes: 'Unlimited',
    texts: 'Unlimited',
    duration: '24'
  },
  {
    monthly: '£55.99',
    upfront: '£59.00',
    network: 'idmobile',
    data: '500GB',
    minutes: 'Unlimited',
    texts: 'Unlimited',
    duration: '24'
  },
  {
    monthly: '£54.99',
    upfront: '£99.00',
    network: 'idmobile',
    data: '100GB',
    minutes: 'Unlimited',
    texts: 'Unlimited',
    duration: '24'
  },
  {
    monthly: '£55.00',
    upfront: '£99.00',
    network: 'vodafone',
    data: 'Unlimited',
    minutes: 'Unlimited',
    texts: 'Unlimited',
    duration: '24'
  },
  {
    monthly: '£56.99',
    upfront: '£59.00',
    network: 'idmobile',
    data: 'Unlimited',
    minutes: 'Unlimited',
    texts: 'Unlimited',
    duration: '24'
  },
  {
    monthly: '£54.00',
    upfront: '£139.00',
    network: 'vodafone',
    data: '200GB',
    minutes: 'Unlimited',
    texts: 'Unlimited',
    duration: '24'
  },
  {
    monthly: '£58.00',
    upfront: '£49.00',
    network: 'vodafone',
    data: '200GB',
    minutes: 'Unlimited',
    texts: 'Unlimited',
    duration: '24'
  }
]
[2024-12-29 19:44:59] 2/15
[2024-12-29 19:45:02] [
  {
    monthly: '£29.99',
    upfront: '£159.00',
    network: 'idmobile',
    data: '100GB',
    minutes: 'Unlimited',
    texts: 'Unlimited',
    duration: '24'
  },
  {
    monthly: '£29.99',
    upfront: '£119.00',
    network: 'idmobile',
    data: '100GB',
    minutes: 'Unlimited',
    texts: 'Unlimited',
    duration: '24'
  },
  {
    monthly: '£39.00',
    upfront: '£139.00',
    network: 'vodafone',
    data: '200GB',
    minutes: 'Unlimited',
    texts: 'Unlimited',
    duration: '24'
  },
  {
    monthly: '£39.00',
    upfront: '£99.00',
    network: 'vodafone',
    data: '200GB',
    minutes: 'Unlimited',
    texts: 'Unlimited',
    duration: '24'
  },
  {
    monthly: '£45.00',
    upfront: '£69.00',
    network: 'vodafone',
    data: 'Unlimited',
    minutes: 'Unlimited',
    texts: 'Unlimited',
    duration: '24'
  },
  {
    monthly: '£45.00',
    upfront: '£29.00',
    network: 'vodafone',
    data: 'Unlimited',
    minutes: 'Unlimited',
    texts: 'Unlimited',
    duration: '24'
  },
  {
    monthly: '£35.99',
    upfront: '£49.00',
    network: 'idmobile',
    data: '100GB',
    minutes: 'Unlimited',
    texts: 'Unlimited',
    duration: '24'
  },
  {
    monthly: '£35.99',
    upfront: '£9.00',
    network: 'idmobile',
    data: '100GB',
    minutes: 'Unlimited',
    texts: 'Unlimited',
    duration: '24'
  },
  {
    monthly: '£29.99',
    upfront: '£109.00',
    network: 'idmobile',
    data: '10GB',
    minutes: 'Unlimited',
    texts: 'Unlimited',
    duration: '24'
  },
  {
    monthly: '£29.99',
    upfront: '£139.00',
    network: 'idmobile',
    data: '500GB',
    minutes: 'Unlimited',
    texts: 'Unlimited',
    duration: '24'
  },
  {
    monthly: '£29.99',
    upfront: '£149.00',
    network: 'idmobile',
    data: '10GB',
    minutes: 'Unlimited',
    texts: 'Unlimited',
    duration: '24'
  },
  {
    monthly: '£32.99',
    upfront: '£79.00',
    network: 'idmobile',
    data: '100GB',
    minutes: 'Unlimited',
    texts: 'Unlimited',
    duration: '24'
  },
  {
    monthly: '£29.99',
    upfront: '£159.00',
    network: 'idmobile',
    data: 'Unlimited',
    minutes: 'Unlimited',
    texts: 'Unlimited',
    duration: '24'
  },
  {
    monthly: '£33.99',
    upfront: '£79.00',
    network: 'idmobile',
    data: '500GB',
    minutes: 'Unlimited',
    texts: 'Unlimited',
    duration: '24'
  },
  {
    monthly: '£36.99',
    upfront: '£9.00',
    network: 'idmobile',
    data: '500GB',
    minutes: 'Unlimited',
    texts: 'Unlimited',
    duration: '24'
  }
]
[2024-12-29 19:45:02] 3/15
[2024-12-29 19:45:07] [
  {
    monthly: '£35.99',
    upfront: '£79.00',
    network: 'idmobile',
    data: '100GB',
    minutes: 'Unlimited',
    texts: 'Unlimited',
    duration: '24'
  },
  {
    monthly: '£38.99',
    upfront: '£9.00',
    network: 'idmobile',
    data: '100GB',
    minutes: 'Unlimited',
    texts: 'Unlimited',
    duration: '24'
  },
  {
    monthly: '£36.99',
    upfront: '£79.00',
    network: 'idmobile',
    data: '500GB',
    minutes: 'Unlimited',
    texts: 'Unlimited',
    duration: '24'
  },
  {
    monthly: '£39.99',
    upfront: '£9.00',
    network: 'idmobile',
    data: '500GB',
    minutes: 'Unlimited',
    texts: 'Unlimited',
    duration: '24'
  },
  {
    monthly: '£35.99',
    upfront: '£119.00',
    network: 'idmobile',
    data: '100GB',
    minutes: 'Unlimited',
    texts: 'Unlimited',
    duration: '24'
  },
  {
    monthly: '£38.99',
    upfront: '£49.00',
    network: 'idmobile',
    data: '100GB',
    minutes: 'Unlimited',
    texts: 'Unlimited',
    duration: '24'
  },
  {
    monthly: '£37.99',
    upfront: '£79.00',
    network: 'idmobile',
    data: 'Unlimited',
    minutes: 'Unlimited',
    texts: 'Unlimited',
    duration: '24'
  },
  {
    monthly: '£40.99',
    upfront: '£9.00',
    network: 'idmobile',
    data: 'Unlimited',
    minutes: 'Unlimited',
    texts: 'Unlimited',
    duration: '24'
  },
  {
    monthly: '£36.99',
    upfront: '£119.00',
    network: 'idmobile',
    data: '500GB',
    minutes: 'Unlimited',
    texts: 'Unlimited',
    duration: '24'
  },
  {
    monthly: '£39.99',
    upfront: '£49.00',
    network: 'idmobile',
    data: '500GB',
    minutes: 'Unlimited',
    texts: 'Unlimited',
    duration: '24'
  },
  {
    monthly: '£37.99',
    upfront: '£119.00',
    network: 'idmobile',
    data: 'Unlimited',
    minutes: 'Unlimited',
    texts: 'Unlimited',
    duration: '24'
  },
  {
    monthly: '£40.99',
    upfront: '£49.00',
    network: 'idmobile',
    data: 'Unlimited',
    minutes: 'Unlimited',
    texts: 'Unlimited',
    duration: '24'
  },
  {
    monthly: '£43.99',
    upfront: '£89.00',
    network: 'idmobile',
    data: '100GB',
    minutes: 'Unlimited',
    texts: 'Unlimited',
    duration: '24'
  },
  {
    monthly: '£44.99',
    upfront: '£69.00',
    network: 'idmobile',
    data: '100GB',
    minutes: 'Unlimited',
    texts: 'Unlimited',
    duration: '24'
  },
  {
    monthly: '£45.00',
    upfront: '£79.00',
    network: 'vodafone',
    data: '200GB',
    minutes: 'Unlimited',
    texts: 'Unlimited',
    duration: '24'
  }
]
[2024-12-29 19:45:07] 4/15
[2024-12-29 19:45:13] [
  {
    monthly: '£44.99',
    upfront: '£79.00',
    network: 'idmobile',
    data: '100GB',
    minutes: 'Unlimited',
    texts: 'Unlimited',
    duration: '24'
  },
  {
    monthly: '£44.99',
    upfront: '£99.00',
    network: 'idmobile',
    data: '500GB',
    minutes: 'Unlimited',
    texts: 'Unlimited',
    duration: '24'
  },
  {
    monthly: '£44.99',
    upfront: '£119.00',
    network: 'idmobile',
    data: '100GB',
    minutes: 'Unlimited',
    texts: 'Unlimited',
    duration: '24'
  },
  {
    monthly: '£44.99',
    upfront: '£119.00',
    network: 'idmobile',
    data: 'Unlimited',
    minutes: 'Unlimited',
    texts: 'Unlimited',
    duration: '24'
  },
  {
    monthly: '£44.99',
    upfront: '£139.00',
    network: 'idmobile',
    data: '500GB',
    minutes: 'Unlimited',
    texts: 'Unlimited',
    duration: '24'
  },
  {
    monthly: '£44.99',
    upfront: '£159.00',
    network: 'idmobile',
    data: 'Unlimited',
    minutes: 'Unlimited',
    texts: 'Unlimited',
    duration: '24'
  },
  {
    monthly: '£49.00',
    upfront: '£169.00',
    network: 'vodafone',
    data: '200GB',
    minutes: 'Unlimited',
    texts: 'Unlimited',
    duration: '24'
  },
  {
    monthly: '£54.99',
    upfront: '£59.00',
    network: 'idmobile',
    data: '100GB',
    minutes: 'Unlimited',
    texts: 'Unlimited',
    duration: '24'
  },
  {
    monthly: '£54.00',
    upfront: '£99.00',
    network: 'vodafone',
    data: '200GB',
    minutes: 'Unlimited',
    texts: 'Unlimited',
    duration: '24'
  },
  {
    monthly: '£55.99',
    upfront: '£59.00',
    network: 'idmobile',
    data: '500GB',
    minutes: 'Unlimited',
    texts: 'Unlimited',
    duration: '24'
  },
  {
    monthly: '£54.99',
    upfront: '£99.00',
    network: 'idmobile',
    data: '100GB',
    minutes: 'Unlimited',
    texts: 'Unlimited',
    duration: '24'
  },
  {
    monthly: '£55.00',
    upfront: '£99.00',
    network: 'vodafone',
    data: 'Unlimited',
    minutes: 'Unlimited',
    texts: 'Unlimited',
    duration: '24'
  },
  {
    monthly: '£56.99',
    upfront: '£59.00',
    network: 'idmobile',
    data: 'Unlimited',
    minutes: 'Unlimited',
    texts: 'Unlimited',
    duration: '24'
  },
  {
    monthly: '£54.00',
    upfront: '£139.00',
    network: 'vodafone',
    data: '200GB',
    minutes: 'Unlimited',
    texts: 'Unlimited',
    duration: '24'
  },
  {
    monthly: '£58.00',
    upfront: '£49.00',
    network: 'vodafone',
    data: '200GB',
    minutes: 'Unlimited',
    texts: 'Unlimited',
    duration: '24'
  }
]
[2024-12-29 19:45:13] 5/15
[2024-12-29 19:45:19] [
  {
    monthly: '£29.99',
    upfront: '£119.00',
    network: 'idmobile',
    data: '100GB',
    minutes: 'Unlimited',
    texts: 'Unlimited',
    duration: '24'
  },
  {
    monthly: '£29.99',
    upfront: '£159.00',
    network: 'idmobile',
    data: '100GB',
    minutes: 'Unlimited',
    texts: 'Unlimited',
    duration: '24'
  },
  {
    monthly: '£39.00',
    upfront: '£139.00',
    network: 'vodafone',
    data: '200GB',
    minutes: 'Unlimited',
    texts: 'Unlimited',
    duration: '24'
  },
  {
    monthly: '£39.00',
    upfront: '£99.00',
    network: 'vodafone',
    data: '200GB',
    minutes: 'Unlimited',
    texts: 'Unlimited',
    duration: '24'
  },
  {
    monthly: '£45.00',
    upfront: '£69.00',
    network: 'vodafone',
    data: 'Unlimited',
    minutes: 'Unlimited',
    texts: 'Unlimited',
    duration: '24'
  },
  {
    monthly: '£45.00',
    upfront: '£29.00',
    network: 'vodafone',
    data: 'Unlimited',
    minutes: 'Unlimited',
    texts: 'Unlimited',
    duration: '24'
  },
  {
    monthly: '£35.99',
    upfront: '£49.00',
    network: 'idmobile',
    data: '100GB',
    minutes: 'Unlimited',
    texts: 'Unlimited',
    duration: '24'
  },
  {
    monthly: '£35.99',
    upfront: '£9.00',
    network: 'idmobile',
    data: '100GB',
    minutes: 'Unlimited',
    texts: 'Unlimited',
    duration: '24'
  },
  {
    monthly: '£29.99',
    upfront: '£109.00',
    network: 'idmobile',
    data: '10GB',
    minutes: 'Unlimited',
    texts: 'Unlimited',
    duration: '24'
  },
  {
    monthly: '£29.99',
    upfront: '£139.00',
    network: 'idmobile',
    data: '500GB',
    minutes: 'Unlimited',
    texts: 'Unlimited',
    duration: '24'
  },
  {
    monthly: '£29.99',
    upfront: '£149.00',
    network: 'idmobile',
    data: '10GB',
    minutes: 'Unlimited',
    texts: 'Unlimited',
    duration: '24'
  },
  {
    monthly: '£32.99',
    upfront: '£79.00',
    network: 'idmobile',
    data: '100GB',
    minutes: 'Unlimited',
    texts: 'Unlimited',
    duration: '24'
  },
  {
    monthly: '£29.99',
    upfront: '£159.00',
    network: 'idmobile',
    data: 'Unlimited',
    minutes: 'Unlimited',
    texts: 'Unlimited',
    duration: '24'
  },
  {
    monthly: '£33.99',
    upfront: '£79.00',
    network: 'idmobile',
    data: '500GB',
    minutes: 'Unlimited',
    texts: 'Unlimited',
    duration: '24'
  },
  {
    monthly: '£36.99',
    upfront: '£9.00',
    network: 'idmobile',
    data: '500GB',
    minutes: 'Unlimited',
    texts: 'Unlimited',
    duration: '24'
  }
]
[2024-12-29 19:45:19] 6/15
[2024-12-29 19:45:24] [
  {
    monthly: '£35.99',
    upfront: '£79.00',
    network: 'idmobile',
    data: '100GB',
    minutes: 'Unlimited',
    texts: 'Unlimited',
    duration: '24'
  },
  {
    monthly: '£38.99',
    upfront: '£9.00',
    network: 'idmobile',
    data: '100GB',
    minutes: 'Unlimited',
    texts: 'Unlimited',
    duration: '24'
  },
  {
    monthly: '£36.99',
    upfront: '£79.00',
    network: 'idmobile',
    data: '500GB',
    minutes: 'Unlimited',
    texts: 'Unlimited',
    duration: '24'
  },
  {
    monthly: '£39.99',
    upfront: '£9.00',
    network: 'idmobile',
    data: '500GB',
    minutes: 'Unlimited',
    texts: 'Unlimited',
    duration: '24'
  },
  {
    monthly: '£35.99',
    upfront: '£119.00',
    network: 'idmobile',
    data: '100GB',
    minutes: 'Unlimited',
    texts: 'Unlimited',
    duration: '24'
  },
  {
    monthly: '£38.99',
    upfront: '£49.00',
    network: 'idmobile',
    data: '100GB',
    minutes: 'Unlimited',
    texts: 'Unlimited',
    duration: '24'
  },
  {
    monthly: '£37.99',
    upfront: '£79.00',
    network: 'idmobile',
    data: 'Unlimited',
    minutes: 'Unlimited',
    texts: 'Unlimited',
    duration: '24'
  },
  {
    monthly: '£40.99',
    upfront: '£9.00',
    network: 'idmobile',
    data: 'Unlimited',
    minutes: 'Unlimited',
    texts: 'Unlimited',
    duration: '24'
  },
  {
    monthly: '£36.99',
    upfront: '£119.00',
    network: 'idmobile',
    data: '500GB',
    minutes: 'Unlimited',
    texts: 'Unlimited',
    duration: '24'
  },
  {
    monthly: '£39.99',
    upfront: '£49.00',
    network: 'idmobile',
    data: '500GB',
    minutes: 'Unlimited',
    texts: 'Unlimited',
    duration: '24'
  },
  {
    monthly: '£37.99',
    upfront: '£119.00',
    network: 'idmobile',
    data: 'Unlimited',
    minutes: 'Unlimited',
    texts: 'Unlimited',
    duration: '24'
  },
  {
    monthly: '£40.99',
    upfront: '£49.00',
    network: 'idmobile',
    data: 'Unlimited',
    minutes: 'Unlimited',
    texts: 'Unlimited',
    duration: '24'
  },
  {
    monthly: '£43.99',
    upfront: '£89.00',
    network: 'idmobile',
    data: '100GB',
    minutes: 'Unlimited',
    texts: 'Unlimited',
    duration: '24'
  },
  {
    monthly: '£44.99',
    upfront: '£69.00',
    network: 'idmobile',
    data: '100GB',
    minutes: 'Unlimited',
    texts: 'Unlimited',
    duration: '24'
  },
  {
    monthly: '£45.00',
    upfront: '£79.00',
    network: 'vodafone',
    data: '200GB',
    minutes: 'Unlimited',
    texts: 'Unlimited',
    duration: '24'
  }
]
[2024-12-29 19:45:24] 7/15
